#
# There is insufficient memory for the Java Runtime Environment to continue.
# Native memory allocation (mmap) failed to map 38797312 bytes for committing reserved memory.
# Possible reasons:
#   The system is out of physical RAM or swap space
#   In 32 bit mode, the process size limit was hit
# Possible solutions:
#   Reduce memory load on the system
#   Increase physical memory or swap space
#   Check if swap backing store is full
#   Use 64 bit Java on a 64 bit OS
#   Decrease Java heap size (-Xmx/-Xms)
#   Decrease number of Java threads
#   Decrease Java thread stack sizes (-Xss)
#   Set larger code cache with -XX:ReservedCodeCacheSize=
# This output file may be truncated or incomplete.
#
#  Out of Memory Error (os_linux.cpp:2640), pid=7022, tid=0x00007f54f45f5700
#
# JRE version: OpenJDK Runtime Environment (8.0_152) (build 1.8.0_152-release-1343-b16-5323222)
# Java VM: OpenJDK 64-Bit Server VM (25.152-b16-5323222 mixed mode linux-amd64 compressed oops)
# Failed to write core dump. Core dumps have been disabled. To enable core dumping, try "ulimit -c unlimited" before starting Java again
#

---------------  T H R E A D  ---------------

Current thread (0x00007f550c079000):  VMThread [stack: 0x00007f54f44f6000,0x00007f54f45f6000] [id=7032]

Stack: [0x00007f54f44f6000,0x00007f54f45f6000],  sp=0x00007f54f45f44e0,  free space=1017k
Native frames: (J=compiled Java code, j=interpreted, Vv=VM code, C=native code)
V  [libjvm.so+0x9ffc88]  VMError::report_and_die()+0x148
V  [libjvm.so+0x4ce9aa]  report_vm_out_of_memory(char const*, int, unsigned long, VMErrorType, char const*)+0x8a
V  [libjvm.so+0x8673d8]  os::pd_commit_memory(char*, unsigned long, unsigned long, bool)+0xd8
V  [libjvm.so+0x86201f]  os::commit_memory(char*, unsigned long, unsigned long, bool)+0x1f
V  [libjvm.so+0x8d839b]  PSVirtualSpace::expand_by(unsigned long)+0x5b
V  [libjvm.so+0x8d8ff0]  PSYoungGen::resize_generation(unsigned long, unsigned long)+0xb0
V  [libjvm.so+0x8d930b]  PSYoungGen::resize(unsigned long, unsigned long)+0x1b
V  [libjvm.so+0x8d5a3e]  PSScavenge::invoke_no_policy()+0xdce
V  [libjvm.so+0x8d61f8]  PSScavenge::invoke()+0x38
V  [libjvm.so+0x88a7e3]  ParallelScavengeHeap::failed_mem_allocate(unsigned long)+0x63
V  [libjvm.so+0xa01754]  VM_ParallelGCFailedAllocation::doit()+0x84
V  [libjvm.so+0xa05bf7]  VM_Operation::evaluate()+0x47
V  [libjvm.so+0xa04658]  VMThread::evaluate_operation(VM_Operation*)+0x2c8
V  [libjvm.so+0xa04ab1]  VMThread::loop()+0x1f1
V  [libjvm.so+0xa04ee2]  VMThread::run()+0x72
V  [libjvm.so+0x864822]  java_start(Thread*)+0xf2

VM_Operation (0x00007f54ed89d6e0): ParallelGCFailedAllocation, mode: safepoint, requested by thread 0x00007f54a0017800


---------------  P R O C E S S  ---------------

Java Threads: ( => current thread )
  0x00007f54a0017800 JavaThread "Thread-8" [_thread_blocked, id=7051, stack(0x00007f54ed79e000,0x00007f54ed89f000)]
  0x00007f54a0010800 JavaThread "Stdin handler" [_thread_blocked, id=7050, stack(0x00007f54ed89f000,0x00007f54ed9a0000)]
  0x00007f54a000f000 JavaThread "Asynchronous log dispatcher for DefaultDaemonConnection: socket connection from /127.0.0.1:45797 to /127.0.0.1:36270" [_thread_blocked, id=7049, stack(0x00007f54ed9a0000,0x00007f54edaa1000)]
  0x00007f54b400a000 JavaThread "Daemon worker" [_thread_blocked, id=7046, stack(0x00007f54edaa1000,0x00007f54edba2000)]
  0x00007f54b4008000 JavaThread "Cancel handler" [_thread_blocked, id=7045, stack(0x00007f54edba2000,0x00007f54edca3000)]
  0x00007f54b4006000 JavaThread "Handler for socket connection from /127.0.0.1:45797 to /127.0.0.1:36270" [_thread_in_native, id=7044, stack(0x00007f54edca3000,0x00007f54edda4000)]
  0x00007f54bc034000 JavaThread "Daemon" [_thread_blocked, id=7043, stack(0x00007f54edda4000,0x00007f54edea5000)]
  0x00007f550cf72000 JavaThread "Daemon periodic checks" [_thread_blocked, id=7042, stack(0x00007f54edea5000,0x00007f54edfa6000)]
  0x00007f550cf4a000 JavaThread "Incoming local TCP Connector on port 45797" [_thread_in_native, id=7041, stack(0x00007f54edfad000,0x00007f54ee0ae000)]
  0x00007f550c0e3000 JavaThread "Service Thread" daemon [_thread_blocked, id=7039, stack(0x00007f54ef1a0000,0x00007f54ef2a1000)]
  0x00007f550c0be000 JavaThread "C1 CompilerThread2" daemon [_thread_blocked, id=7038, stack(0x00007f54ef2a2000,0x00007f54ef3a2000)]
  0x00007f550c0bc000 JavaThread "C2 CompilerThread1" daemon [_thread_blocked, id=7037, stack(0x00007f54ef3a3000,0x00007f54ef4a3000)]
  0x00007f550c0b9800 JavaThread "C2 CompilerThread0" daemon [_thread_blocked, id=7036, stack(0x00007f54f40f2000,0x00007f54f41f2000)]
  0x00007f550c0b8000 JavaThread "Signal Dispatcher" daemon [_thread_blocked, id=7035, stack(0x00007f54f41f2000,0x00007f54f42f3000)]
  0x00007f550c085000 JavaThread "Finalizer" daemon [_thread_blocked, id=7034, stack(0x00007f54f42f3000,0x00007f54f43f4000)]
  0x00007f550c080800 JavaThread "Reference Handler" daemon [_thread_blocked, id=7033, stack(0x00007f54f43f4000,0x00007f54f44f5000)]
  0x00007f550c00b000 JavaThread "main" [_thread_blocked, id=7027, stack(0x00007f55134ab000,0x00007f55135ab000)]

Other Threads:
=>0x00007f550c079000 VMThread [stack: 0x00007f54f44f6000,0x00007f54f45f6000] [id=7032]
  0x00007f550c0e5800 WatcherThread [stack: 0x00007f54ef0a0000,0x00007f54ef1a0000] [id=7040]

VM state:at safepoint (normal execution)

VM Mutex/Monitor currently owned by a thread:  ([mutex/lock_event])
[0x00007f550c007b00] Threads_lock - owner thread: 0x00007f550c079000
[0x00007f550c008000] Heap_lock - owner thread: 0x00007f54a0017800

Heap:
 PSYoungGen      total 33280K, used 2544K [0x00000000e0000000, 0x00000000e2300000, 0x0000000100000000)
  eden space 30720K, 0% used [0x00000000e0000000,0x00000000e0000000,0x00000000e1e00000)
  from space 2560K, 99% used [0x00000000e1e00000,0x00000000e207c020,0x00000000e2080000)
  to   space 2560K, 0% used [0x00000000e2080000,0x00000000e2080000,0x00000000e2300000)
 ParOldGen       total 40960K, used 5412K [0x00000000a0000000, 0x00000000a2800000, 0x00000000e0000000)
  object space 40960K, 13% used [0x00000000a0000000,0x00000000a05493c0,0x00000000a2800000)
 Metaspace       used 12700K, capacity 12994K, committed 13184K, reserved 1060864K
  class space    used 1764K, capacity 1891K, committed 1920K, reserved 1048576K

Card table byte_map: [0x00007f55109cf000,0x00007f5510cd0000] byte_map_base: 0x00007f55104cf000

Marking Bits: (ParMarkBitMap*) 0x00007f5512b74f00
 Begin Bits: [0x00007f54f5000000, 0x00007f54f6800000)
 End Bits:   [0x00007f54f6800000, 0x00007f54f8000000)

Polling page: 0x00007f55135cf000

CodeCache: size=245760Kb used=4143Kb max_used=4143Kb free=241616Kb
 bounds [0x00007f54fd000000, 0x00007f54fd420000, 0x00007f550c000000]
 total_blobs=1577 nmethods=1217 adapters=273
 compilation: enabled

Compilation events (10 events):
Event: 2.697 Thread 0x00007f550c0be000 nmethod 1215 0x00007f54fd402110 code [0x00007f54fd4022a0, 0x00007f54fd4025b8]
Event: 2.707 Thread 0x00007f550c0be000 1216       3       java.util.concurrent.locks.AbstractQueuedSynchronizer::compareAndSetState (13 bytes)
Event: 2.708 Thread 0x00007f550c0be000 nmethod 1216 0x00007f54fd401dd0 code [0x00007f54fd401f20, 0x00007f54fd402090]
Event: 2.734 Thread 0x00007f550c0bc000 nmethod 1214 0x00007f54fd3ff1d0 code [0x00007f54fd3ff320, 0x00007f54fd3ff3b8]
Event: 2.737 Thread 0x00007f550c0be000 1217       3       java.util.concurrent.locks.ReentrantLock$Sync::tryRelease (45 bytes)
Event: 2.761 Thread 0x00007f550c0be000 nmethod 1217 0x00007f54fd3fe950 code [0x00007f54fd3feae0, 0x00007f54fd3ff088]
Event: 2.763 Thread 0x00007f550c0b9800 1218 % !   4       java.util.concurrent.ConcurrentHashMap::transfer @ 99 (832 bytes)
Event: 2.765 Thread 0x00007f550c0be000 1219   !   3       org.gradle.internal.service.DefaultServiceRegistry$SingletonService::prepare (111 bytes)
Event: 2.772 Thread 0x00007f550c0be000 nmethod 1219 0x00007f54fd40c790 code [0x00007f54fd40c9e0, 0x00007f54fd40d7a8]
Event: 3.058 Thread 0x00007f550c0be000 1220       3       java.util.concurrent.locks.ReentrantLock$Sync::nonfairTryAcquire (67 bytes)

GC Heap History (9 events):
Event: 0.657 GC heap before
{Heap before GC invocations=1 (full 0):
 PSYoungGen      total 17920K, used 15360K [0x00000000e0000000, 0x00000000e1400000, 0x0000000100000000)
  eden space 15360K, 100% used [0x00000000e0000000,0x00000000e0f00000,0x00000000e0f00000)
  from space 2560K, 0% used [0x00000000e1180000,0x00000000e1180000,0x00000000e1400000)
  to   space 2560K, 0% used [0x00000000e0f00000,0x00000000e0f00000,0x00000000e1180000)
 ParOldGen       total 40960K, used 0K [0x00000000a0000000, 0x00000000a2800000, 0x00000000e0000000)
  object space 40960K, 0% used [0x00000000a0000000,0x00000000a0000000,0x00000000a2800000)
 Metaspace       used 5723K, capacity 5902K, committed 6272K, reserved 1056768K
  class space    used 699K, capacity 779K, committed 896K, reserved 1048576K
Event: 0.663 GC heap after
Heap after GC invocations=1 (full 0):
 PSYoungGen      total 17920K, used 2450K [0x00000000e0000000, 0x00000000e1400000, 0x0000000100000000)
  eden space 15360K, 0% used [0x00000000e0000000,0x00000000e0000000,0x00000000e0f00000)
  from space 2560K, 95% used [0x00000000e0f00000,0x00000000e1164920,0x00000000e1180000)
  to   space 2560K, 0% used [0x00000000e1180000,0x00000000e1180000,0x00000000e1400000)
 ParOldGen       total 40960K, used 8K [0x00000000a0000000, 0x00000000a2800000, 0x00000000e0000000)
  object space 40960K, 0% used [0x00000000a0000000,0x00000000a0002000,0x00000000a2800000)
 Metaspace       used 5723K, capacity 5902K, committed 6272K, reserved 1056768K
  class space    used 699K, capacity 779K, committed 896K, reserved 1048576K
}
Event: 0.855 GC heap before
{Heap before GC invocations=2 (full 0):
 PSYoungGen      total 17920K, used 17810K [0x00000000e0000000, 0x00000000e1400000, 0x0000000100000000)
  eden space 15360K, 100% used [0x00000000e0000000,0x00000000e0f00000,0x00000000e0f00000)
  from space 2560K, 95% used [0x00000000e0f00000,0x00000000e1164920,0x00000000e1180000)
  to   space 2560K, 0% used [0x00000000e1180000,0x00000000e1180000,0x00000000e1400000)
 ParOldGen       total 40960K, used 8K [0x00000000a0000000, 0x00000000a2800000, 0x00000000e0000000)
  object space 40960K, 0% used [0x00000000a0000000,0x00000000a0002000,0x00000000a2800000)
 Metaspace       used 6514K, capacity 6670K, committed 6784K, reserved 1056768K
  class space    used 798K, capacity 843K, committed 896K, reserved 1048576K
Event: 0.858 GC heap after
Heap after GC invocations=2 (full 0):
 PSYoungGen      total 17920K, used 2555K [0x00000000e0000000, 0x00000000e1400000, 0x0000000100000000)
  eden space 15360K, 0% used [0x00000000e0000000,0x00000000e0000000,0x00000000e0f00000)
  from space 2560K, 99% used [0x00000000e1180000,0x00000000e13fee18,0x00000000e1400000)
  to   space 2560K, 0% used [0x00000000e0f00000,0x00000000e0f00000,0x00000000e1180000)
 ParOldGen       total 40960K, used 252K [0x00000000a0000000, 0x00000000a2800000, 0x00000000e0000000)
  object space 40960K, 0% used [0x00000000a0000000,0x00000000a003f318,0x00000000a2800000)
 Metaspace       used 6514K, capacity 6670K, committed 6784K, reserved 1056768K
  class space    used 798K, capacity 843K, committed 896K, reserved 1048576K
}
Event: 1.143 GC heap before
{Heap before GC invocations=3 (full 0):
 PSYoungGen      total 17920K, used 17915K [0x00000000e0000000, 0x00000000e1400000, 0x0000000100000000)
  eden space 15360K, 100% used [0x00000000e0000000,0x00000000e0f00000,0x00000000e0f00000)
  from space 2560K, 99% used [0x00000000e1180000,0x00000000e13fee18,0x00000000e1400000)
  to   space 2560K, 0% used [0x00000000e0f00000,0x00000000e0f00000,0x00000000e1180000)
 ParOldGen       total 40960K, used 252K [0x00000000a0000000, 0x00000000a2800000, 0x00000000e0000000)
  object space 40960K, 0% used [0x00000000a0000000,0x00000000a003f318,0x00000000a2800000)
 Metaspace       used 6726K, capacity 6950K, committed 7168K, reserved 1056768K
  class space    used 831K, capacity 915K, committed 1024K, reserved 1048576K
Event: 1.147 GC heap after
Heap after GC invocations=3 (full 0):
 PSYoungGen      total 17920K, used 2553K [0x00000000e0000000, 0x00000000e2300000, 0x0000000100000000)
  eden space 15360K, 0% used [0x00000000e0000000,0x00000000e0000000,0x00000000e0f00000)
  from space 2560K, 99% used [0x00000000e0f00000,0x00000000e117e440,0x00000000e1180000)
  to   space 2560K, 0% used [0x00000000e2080000,0x00000000e2080000,0x00000000e2300000)
 ParOldGen       total 40960K, used 497K [0x00000000a0000000, 0x00000000a2800000, 0x00000000e0000000)
  object space 40960K, 1% used [0x00000000a0000000,0x00000000a007c770,0x00000000a2800000)
 Metaspace       used 6726K, capacity 6950K, committed 7168K, reserved 1056768K
  class space    used 831K, capacity 915K, committed 1024K, reserved 1048576K
}
Event: 1.401 GC heap before
{Heap before GC invocations=4 (full 0):
 PSYoungGen      total 17920K, used 17913K [0x00000000e0000000, 0x00000000e2300000, 0x0000000100000000)
  eden space 15360K, 100% used [0x00000000e0000000,0x00000000e0f00000,0x00000000e0f00000)
  from space 2560K, 99% used [0x00000000e0f00000,0x00000000e117e440,0x00000000e1180000)
  to   space 2560K, 0% used [0x00000000e2080000,0x00000000e2080000,0x00000000e2300000)
 ParOldGen       total 40960K, used 497K [0x00000000a0000000, 0x00000000a2800000, 0x00000000e0000000)
  object space 40960K, 1% used [0x00000000a0000000,0x00000000a007c770,0x00000000a2800000)
 Metaspace       used 8842K, capacity 9020K, committed 9216K, reserved 1056768K
  class space    used 1162K, capacity 1260K, committed 1280K, reserved 1048576K
Event: 1.412 GC heap after
Heap after GC invocations=4 (full 0):
 PSYoungGen      total 33280K, used 2544K [0x00000000e0000000, 0x00000000e2300000, 0x0000000100000000)
  eden space 30720K, 0% used [0x00000000e0000000,0x00000000e0000000,0x00000000e1e00000)
  from space 2560K, 99% used [0x00000000e2080000,0x00000000e22fc010,0x00000000e2300000)
  to   space 2560K, 0% used [0x00000000e1e00000,0x00000000e1e00000,0x00000000e2080000)
 ParOldGen       total 40960K, used 1776K [0x00000000a0000000, 0x00000000a2800000, 0x00000000e0000000)
  object space 40960K, 4% used [0x00000000a0000000,0x00000000a01bc178,0x00000000a2800000)
 Metaspace       used 8842K, capacity 9020K, committed 9216K, reserved 1056768K
  class space    used 1162K, capacity 1260K, committed 1280K, reserved 1048576K
}
Event: 3.075 GC heap before
{Heap before GC invocations=5 (full 0):
 PSYoungGen      total 33280K, used 33264K [0x00000000e0000000, 0x00000000e2300000, 0x0000000100000000)
  eden space 30720K, 100% used [0x00000000e0000000,0x00000000e1e00000,0x00000000e1e00000)
  from space 2560K, 99% used [0x00000000e2080000,0x00000000e22fc010,0x00000000e2300000)
  to   space 2560K, 0% used [0x00000000e1e00000,0x00000000e1e00000,0x00000000e2080000)
 ParOldGen       total 40960K, used 1776K [0x00000000a0000000, 0x00000000a2800000, 0x00000000e0000000)
  object space 40960K, 4% used [0x00000000a0000000,0x00000000a01bc178,0x00000000a2800000)
 Metaspace       used 12700K, capacity 12994K, committed 13184K, reserved 1060864K
  class space    used 1764K, capacity 1891K, committed 1920K, reserved 1048576K

Deoptimization events (10 events):
Event: 0.770 Thread 0x00007f550c00b000 Uncommon trap: reason=unstable_if action=reinterpret pc=0x00007f54fd1b3650 method=java.lang.String.replace(CC)Ljava/lang/String; @ 26
Event: 0.953 Thread 0x00007f550c00b000 Uncommon trap: reason=class_check action=maybe_recompile pc=0x00007f54fd27bb08 method=java.util.HashMap.putVal(ILjava/lang/Object;Ljava/lang/Object;ZZ)Ljava/lang/Object; @ 203
Event: 1.223 Thread 0x00007f550c00b000 Uncommon trap: reason=class_check action=maybe_recompile pc=0x00007f54fd29dde8 method=java.util.regex.Matcher.match(II)Z @ 86
Event: 1.237 Thread 0x00007f550c00b000 Uncommon trap: reason=unstable_if action=reinterpret pc=0x00007f54fd257c64 method=java.lang.ThreadLocal$ThreadLocalMap.getEntry(Ljava/lang/ThreadLocal;)Ljava/lang/ThreadLocal$ThreadLocalMap$Entry; @ 21
Event: 1.392 Thread 0x00007f550c00b000 Uncommon trap: reason=unstable_if action=reinterpret pc=0x00007f54fd255194 method=java.util.HashMap.getNode(ILjava/lang/Object;)Ljava/util/HashMap$Node; @ 129
Event: 1.393 Thread 0x00007f550c00b000 Uncommon trap: reason=class_check action=maybe_recompile pc=0x00007f54fd27e77c method=java.util.HashMap.putVal(ILjava/lang/Object;Ljava/lang/Object;ZZ)Ljava/lang/Object; @ 203
Event: 1.636 Thread 0x00007f54b4006000 Uncommon trap: reason=unstable_if action=reinterpret pc=0x00007f54fd37a938 method=java.util.concurrent.ConcurrentHashMap.putVal(Ljava/lang/Object;Ljava/lang/Object;Z)Ljava/lang/Object; @ 206
Event: 1.727 Thread 0x00007f54b400a000 Uncommon trap: reason=class_check action=maybe_recompile pc=0x00007f54fd27e77c method=java.util.HashMap.putVal(ILjava/lang/Object;Ljava/lang/Object;ZZ)Ljava/lang/Object; @ 203
Event: 1.728 Thread 0x00007f54b400a000 Uncommon trap: reason=class_check action=maybe_recompile pc=0x00007f54fd27e77c method=java.util.HashMap.putVal(ILjava/lang/Object;Ljava/lang/Object;ZZ)Ljava/lang/Object; @ 203
Event: 2.779 Thread 0x00007f54b400a000 Uncommon trap: reason=class_check action=maybe_recompile pc=0x00007f54fd29dde8 method=java.util.regex.Matcher.match(II)Z @ 86

Classes redefined (0 events):
No events

Internal exceptions (10 events):
Event: 1.237 Thread 0x00007f550c00b000 Implicit null exception at 0x00007f54fd257bb4 to 0x00007f54fd257c45
Event: 1.367 Thread 0x00007f550c00b000 Exception <a 'java/lang/NoSuchFieldError': method resolution failed> (0x00000000e0deaf28) thrown at [/buildbot/src/googleplex-android/openjdk/out/hotspot/src/share/vm/prims/methodHandles.cpp, line 1167]
Event: 1.369 Thread 0x00007f550c00b000 Exception <a 'java/lang/NoSuchFieldError': method resolution failed> (0x00000000e0df8d18) thrown at [/buildbot/src/googleplex-android/openjdk/out/hotspot/src/share/vm/prims/methodHandles.cpp, line 1167]
Event: 1.638 Thread 0x00007f54b4006000 Exception <a 'java/lang/NoSuchMethodError': <clinit>> (0x00000000e0863fe0) thrown at [/buildbot/src/googleplex-android/openjdk/out/hotspot/src/share/vm/prims/jni.cpp, line 1613]
Event: 1.640 Thread 0x00007f54b4006000 Exception <a 'java/lang/NoSuchMethodError': <clinit>> (0x00000000e086dc18) thrown at [/buildbot/src/googleplex-android/openjdk/out/hotspot/src/share/vm/prims/jni.cpp, line 1613]
Event: 1.643 Thread 0x00007f54b4006000 Exception <a 'java/lang/NoSuchMethodError': <clinit>> (0x00000000e0881bd0) thrown at [/buildbot/src/googleplex-android/openjdk/out/hotspot/src/share/vm/prims/jni.cpp, line 1613]
Event: 1.663 Thread 0x00007f54b4006000 Exception <a 'java/lang/NoSuchMethodError': <clinit>> (0x00000000e08dd450) thrown at [/buildbot/src/googleplex-android/openjdk/out/hotspot/src/share/vm/prims/jni.cpp, line 1613]
Event: 1.673 Thread 0x00007f54b4006000 Exception <a 'java/lang/NoSuchMethodError': <clinit>> (0x00000000e09144e0) thrown at [/buildbot/src/googleplex-android/openjdk/out/hotspot/src/share/vm/prims/jni.cpp, line 1613]
Event: 1.679 Thread 0x00007f54b4006000 Exception <a 'java/lang/NoSuchMethodError': <clinit>> (0x00000000e0949d98) thrown at [/buildbot/src/googleplex-android/openjdk/out/hotspot/src/share/vm/prims/jni.cpp, line 1613]
Event: 1.680 Thread 0x00007f54b4006000 Exception <a 'java/lang/NoSuchMethodError': <clinit>> (0x00000000e09552e0) thrown at [/buildbot/src/googleplex-android/openjdk/out/hotspot/src/share/vm/prims/jni.cpp, line 1613]

Events (10 events):
Event: 3.038 loading class org/gradle/cache/CrossProcessCacheAccess done
Event: 3.039 loading class org/gradle/cache/internal/AbstractCrossProcessCacheAccess
Event: 3.039 loading class org/gradle/cache/internal/AbstractCrossProcessCacheAccess done
Event: 3.041 loading class org/gradle/cache/internal/FixedSharedModeCrossProcessCacheAccess
Event: 3.041 loading class org/gradle/cache/internal/FixedSharedModeCrossProcessCacheAccess done
Event: 3.045 loading class org/gradle/cache/internal/FixedExclusiveModeCrossProcessCacheAccess
Event: 3.045 loading class org/gradle/cache/internal/FixedExclusiveModeCrossProcessCacheAccess done
Event: 3.051 loading class org/gradle/cache/internal/LockOnDemandCrossProcessCacheAccess
Event: 3.051 loading class org/gradle/cache/internal/LockOnDemandCrossProcessCacheAccess done
Event: 3.061 Executing VM operation: ParallelGCFailedAllocation


Dynamic libraries:
00400000-00401000 r-xp 00000000 08:06 4066276                            /opt/android-studio/jre/bin/java
00401000-00402000 rw-p 00000000 08:06 4066276                            /opt/android-studio/jre/bin/java
02016000-02037000 rw-p 00000000 00:00 0                                  [heap]
a0000000-a2800000 rw-p 00000000 00:00 0 
a2800000-e0000000 ---p 00000000 00:00 0 
e0000000-e2300000 rw-p 00000000 00:00 0 
e4800000-100000000 ---p 00000000 00:00 0 
100000000-1001e0000 rw-p 00000000 00:00 0 
1001e0000-140000000 ---p 00000000 00:00 0 
7f5498000000-7f5498021000 rw-p 00000000 00:00 0 
7f5498021000-7f549c000000 ---p 00000000 00:00 0 
7f549c000000-7f549c021000 rw-p 00000000 00:00 0 
7f549c021000-7f54a0000000 ---p 00000000 00:00 0 
7f54a0000000-7f54a00ed000 rw-p 00000000 00:00 0 
7f54a00ed000-7f54a4000000 ---p 00000000 00:00 0 
7f54a4000000-7f54a4021000 rw-p 00000000 00:00 0 
7f54a4021000-7f54a8000000 ---p 00000000 00:00 0 
7f54a8000000-7f54a8021000 rw-p 00000000 00:00 0 
7f54a8021000-7f54ac000000 ---p 00000000 00:00 0 
7f54ac000000-7f54ac021000 rw-p 00000000 00:00 0 
7f54ac021000-7f54b0000000 ---p 00000000 00:00 0 
7f54b0000000-7f54b0021000 rw-p 00000000 00:00 0 
7f54b0021000-7f54b4000000 ---p 00000000 00:00 0 
7f54b4000000-7f54b4021000 rw-p 00000000 00:00 0 
7f54b4021000-7f54b8000000 ---p 00000000 00:00 0 
7f54b8000000-7f54b8021000 rw-p 00000000 00:00 0 
7f54b8021000-7f54bc000000 ---p 00000000 00:00 0 
7f54bc000000-7f54bc071000 rw-p 00000000 00:00 0 
7f54bc071000-7f54c0000000 ---p 00000000 00:00 0 
7f54c0000000-7f54c027a000 rw-p 00000000 00:00 0 
7f54c027a000-7f54c4000000 ---p 00000000 00:00 0 
7f54c4000000-7f54c4021000 rw-p 00000000 00:00 0 
7f54c4021000-7f54c8000000 ---p 00000000 00:00 0 
7f54c8000000-7f54c821b000 rw-p 00000000 00:00 0 
7f54c821b000-7f54cc000000 ---p 00000000 00:00 0 
7f54cc000000-7f54cc3b2000 rw-p 00000000 00:00 0 
7f54cc3b2000-7f54d0000000 ---p 00000000 00:00 0 
7f54d0000000-7f54d0021000 rw-p 00000000 00:00 0 
7f54d0021000-7f54d4000000 ---p 00000000 00:00 0 
7f54d4fff000-7f54d8000000 rw-p 00000000 00:00 0 
7f54d8000000-7f54d8021000 rw-p 00000000 00:00 0 
7f54d8021000-7f54dc000000 ---p 00000000 00:00 0 
7f54dc000000-7f54dc021000 rw-p 00000000 00:00 0 
7f54dc021000-7f54e0000000 ---p 00000000 00:00 0 
7f54e0000000-7f54e0021000 rw-p 00000000 00:00 0 
7f54e0021000-7f54e4000000 ---p 00000000 00:00 0 
7f54e4000000-7f54e42bf000 rw-p 00000000 00:00 0 
7f54e42bf000-7f54e8000000 ---p 00000000 00:00 0 
7f54e8000000-7f54e8021000 rw-p 00000000 00:00 0 
7f54e8021000-7f54ec000000 ---p 00000000 00:00 0 
7f54ed59e000-7f54ed69e000 rw-p 00000000 00:00 0 
7f54ed69e000-7f54ed79e000 ---p 00000000 00:00 0 
7f54ed79e000-7f54ed7a1000 ---p 00000000 00:00 0 
7f54ed7a1000-7f54ed89f000 rw-p 00000000 00:00 0 
7f54ed89f000-7f54ed8a2000 ---p 00000000 00:00 0 
7f54ed8a2000-7f54ed9a0000 rw-p 00000000 00:00 0 
7f54ed9a0000-7f54ed9a3000 ---p 00000000 00:00 0 
7f54ed9a3000-7f54edaa1000 rw-p 00000000 00:00 0 
7f54edaa1000-7f54edaa4000 ---p 00000000 00:00 0 
7f54edaa4000-7f54edba2000 rw-p 00000000 00:00 0 
7f54edba2000-7f54edba5000 ---p 00000000 00:00 0 
7f54edba5000-7f54edca3000 rw-p 00000000 00:00 0 
7f54edca3000-7f54edca6000 ---p 00000000 00:00 0 
7f54edca6000-7f54edda4000 rw-p 00000000 00:00 0 
7f54edda4000-7f54edda7000 ---p 00000000 00:00 0 
7f54edda7000-7f54edea5000 rw-p 00000000 00:00 0 
7f54edea5000-7f54edea8000 ---p 00000000 00:00 0 
7f54edea8000-7f54edfa6000 rw-p 00000000 00:00 0 
7f54edfa6000-7f54edfad000 r--s 00000000 08:06 919214                     /usr/lib/x86_64-linux-gnu/gconv/gconv-modules.cache
7f54edfad000-7f54edfb0000 ---p 00000000 00:00 0 
7f54edfb0000-7f54ee0ae000 rw-p 00000000 00:00 0 
7f54ee0ae000-7f54ee0b3000 r--s 0009a000 08:06 4066419                    /opt/android-studio/jre/jre/lib/jsse.jar
7f54ee0b3000-7f54ee2b3000 rw-p 00000000 00:00 0 
7f54ee2b3000-7f54ee2bb000 r-xp 00000000 08:06 4066364                    /opt/android-studio/jre/jre/lib/amd64/libmanagement.so
7f54ee2bb000-7f54ee2bc000 rw-p 00007000 08:06 4066364                    /opt/android-studio/jre/jre/lib/amd64/libmanagement.so
7f54ee2bc000-7f54ee2bf000 r--s 0000e000 08:06 2890816                    /home/goran/.gradle/wrapper/dists/gradle-5.1.1-all/97z1ksx6lirer3kbvdnh7jtjg/gradle-5.1.1/lib/plugins/gradle-tooling-api-builders-5.1.1.jar
7f54ee2bf000-7f54ee2c0000 r--s 00005000 08:06 2890837                    /home/goran/.gradle/wrapper/dists/gradle-5.1.1-all/97z1ksx6lirer3kbvdnh7jtjg/gradle-5.1.1/lib/plugins/gradle-build-profile-5.1.1.jar
7f54ee2c0000-7f54ee2c2000 r--s 00003000 08:06 2890796                    /home/goran/.gradle/wrapper/dists/gradle-5.1.1-all/97z1ksx6lirer3kbvdnh7jtjg/gradle-5.1.1/lib/plugins/gradle-tooling-native-5.1.1.jar
7f54ee2c2000-7f54ee2c7000 r--s 0001d000 08:06 2890798                    /home/goran/.gradle/wrapper/dists/gradle-5.1.1-all/97z1ksx6lirer3kbvdnh7jtjg/gradle-5.1.1/lib/plugins/gradle-testing-native-5.1.1.jar
7f54ee2c7000-7f54ee2c9000 r--s 0000f000 08:06 2890893                    /home/goran/.gradle/wrapper/dists/gradle-5.1.1-all/97z1ksx6lirer3kbvdnh7jtjg/gradle-5.1.1/lib/plugins/jcommander-1.72.jar
7f54ee2c9000-7f54ee2d2000 r--s 00089000 08:06 2890869                    /home/goran/.gradle/wrapper/dists/gradle-5.1.1-all/97z1ksx6lirer3kbvdnh7jtjg/gradle-5.1.1/lib/plugins/testng-6.3.1.jar
7f54ee2d2000-7f54ee2d7000 r--s 0005a000 08:06 2890873                    /home/goran/.gradle/wrapper/dists/gradle-5.1.1-all/97z1ksx6lirer3kbvdnh7jtjg/gradle-5.1.1/lib/plugins/bsh-2.0b6.jar
7f54ee2d7000-7f54ee2db000 r--s 0001c000 08:06 2890817                    /home/goran/.gradle/wrapper/dists/gradle-5.1.1-all/97z1ksx6lirer3kbvdnh7jtjg/gradle-5.1.1/lib/plugins/gradle-testing-jvm-5.1.1.jar
7f54ee2db000-7f54ee2de000 r--s 00011000 08:06 2890911                    /home/goran/.gradle/wrapper/dists/gradle-5.1.1-all/97z1ksx6lirer3kbvdnh7jtjg/gradle-5.1.1/lib/plugins/junit-platform-commons-1.3.1.jar
7f54ee2de000-7f54ee2df000 r--s 00001000 08:06 2890913                    /home/goran/.gradle/wrapper/dists/gradle-5.1.1-all/97z1ksx6lirer3kbvdnh7jtjg/gradle-5.1.1/lib/plugins/opentest4j-1.1.1.jar
7f54ee2df000-7f54ee2e3000 r--s 0001d000 08:06 2890910                    /home/goran/.gradle/wrapper/dists/gradle-5.1.1-all/97z1ksx6lirer3kbvdnh7jtjg/gradle-5.1.1/lib/plugins/junit-platform-engine-1.3.1.jar
7f54ee2e3000-7f54ee2e4000 r--s 00000000 08:06 2890912                    /home/goran/.gradle/wrapper/dists/gradle-5.1.1-all/97z1ksx6lirer3kbvdnh7jtjg/gradle-5.1.1/lib/plugins/apiguardian-api-1.0.0.jar
7f54ee2e4000-7f54ee2e7000 r--s 00015000 08:06 2890874                    /home/goran/.gradle/wrapper/dists/gradle-5.1.1-all/97z1ksx6lirer3kbvdnh7jtjg/gradle-5.1.1/lib/plugins/junit-platform-launcher-1.3.1.jar
7f54ee2e7000-7f54ee2e9000 r--s 00009000 08:06 2890891                    /home/goran/.gradle/wrapper/dists/gradle-5.1.1-all/97z1ksx6lirer3kbvdnh7jtjg/gradle-5.1.1/lib/plugins/hamcrest-core-1.3.jar
7f54ee2e9000-7f54ee2f1000 r--s 00045000 08:06 2890872                    /home/goran/.gradle/wrapper/dists/gradle-5.1.1-all/97z1ksx6lirer3kbvdnh7jtjg/gradle-5.1.1/lib/plugins/junit-4.12.jar
7f54ee2f1000-7f54ee2f2000 r--s 00003000 08:06 2890815                    /home/goran/.gradle/wrapper/dists/gradle-5.1.1-all/97z1ksx6lirer3kbvdnh7jtjg/gradle-5.1.1/lib/plugins/gradle-testing-junit-platform-5.1.1.jar
7f54ee2f2000-7f54ee2fa000 r--s 00034000 08:06 2890825                    /home/goran/.gradle/wrapper/dists/gradle-5.1.1-all/97z1ksx6lirer3kbvdnh7jtjg/gradle-5.1.1/lib/plugins/gradle-testing-base-5.1.1.jar
7f54ee2fa000-7f54ee302000 r--s 00047000 08:06 2890863                    /home/goran/.gradle/wrapper/dists/gradle-5.1.1-all/97z1ksx6lirer3kbvdnh7jtjg/gradle-5.1.1/lib/plugins/bcpg-jdk15on-1.60.jar
7f54ee302000-7f54ee304000 r--s 0000e000 08:06 2890795                    /home/goran/.gradle/wrapper/dists/gradle-5.1.1-all/97z1ksx6lirer3kbvdnh7jtjg/gradle-5.1.1/lib/plugins/gradle-signing-5.1.1.jar
7f54ee304000-7f54ee306000 r--s 00009000 08:06 2890804                    /home/goran/.gradle/wrapper/dists/gradle-5.1.1-all/97z1ksx6lirer3kbvdnh7jtjg/gradle-5.1.1/lib/plugins/gradle-scala-5.1.1.jar
7f54ee306000-7f54ee307000 r--s 00004000 08:06 2890836                    /home/goran/.gradle/wrapper/dists/gradle-5.1.1-all/97z1ksx6lirer3kbvdnh7jtjg/gradle-5.1.1/lib/plugins/gradle-resources-sftp-5.1.1.jar
7f54ee307000-7f54ee310000 r--s 0005b000 08:06 2890840                    /home/goran/.gradle/wrapper/dists/gradle-5.1.1-all/97z1ksx6lirer3kbvdnh7jtjg/gradle-5.1.1/lib/plugins/aws-java-sdk-kms-1.11.407.jar
7f54ee310000-7f54ee312000 r--s 00005000 08:06 2890880                    /home/goran/.gradle/wrapper/dists/gradle-5.1.1-all/97z1ksx6lirer3kbvdnh7jtjg/gradle-5.1.1/lib/plugins/jmespath-java-1.11.407.jar
7f54ee312000-7f54ee325000 r--s 000ca000 08:06 2890839                    /home/goran/.gradle/wrapper/dists/gradle-5.1.1-all/97z1ksx6lirer3kbvdnh7jtjg/gradle-5.1.1/lib/plugins/aws-java-sdk-s3-1.11.407.jar
7f54ee325000-7f54ee32f000 r--s 00081000 08:06 2890909                    /home/goran/.gradle/wrapper/dists/gradle-5.1.1-all/97z1ksx6lirer3kbvdnh7jtjg/gradle-5.1.1/lib/plugins/ion-java-1.0.2.jar
7f54ee32f000-7f54ee345000 r--s 000ca000 08:06 2890841                    /home/goran/.gradle/wrapper/dists/gradle-5.1.1-all/97z1ksx6lirer3kbvdnh7jtjg/gradle-5.1.1/lib/plugins/aws-java-sdk-core-1.11.407.jar
7f54ee345000-7f54ee347000 r--s 00004000 08:06 2890832                    /home/goran/.gradle/wrapper/dists/gradle-5.1.1-all/97z1ksx6lirer3kbvdnh7jtjg/gradle-5.1.1/lib/plugins/gradle-resources-s3-5.1.1.jar
7f54ee347000-7f54ee358000 r--s 0008c000 08:06 2890884                    /home/goran/.gradle/wrapper/dists/gradle-5.1.1-all/97z1ksx6lirer3kbvdnh7jtjg/gradle-5.1.1/lib/plugins/joda-time-2.10.jar
7f54ee358000-7f54ee36b000 r--s 00137000 08:06 2890881                    /home/goran/.gradle/wrapper/dists/gradle-5.1.1-all/97z1ksx6lirer3kbvdnh7jtjg/gradle-5.1.1/lib/plugins/jackson-databind-2.9.6.jar
7f54ee36b000-7f54ee36e000 r--s 0000e000 08:06 2890883                    /home/goran/.gradle/wrapper/dists/gradle-5.1.1-all/97z1ksx6lirer3kbvdnh7jtjg/gradle-5.1.1/lib/plugins/jackson-annotations-2.9.6.jar
7f54ee36e000-7f54ee373000 r--s 0004b000 08:06 2890882                    /home/goran/.gradle/wrapper/dists/gradle-5.1.1-all/97z1ksx6lirer3kbvdnh7jtjg/gradle-5.1.1/lib/plugins/jackson-core-2.9.6.jar
7f54ee373000-7f54ee374000 r--s 00001000 08:06 2890848                    /home/goran/.gradle/wrapper/dists/gradle-5.1.1-all/97z1ksx6lirer3kbvdnh7jtjg/gradle-5.1.1/lib/plugins/google-http-client-jackson2-1.25.0.jar
7f54ee374000-7f54ee37e000 r--s 00056000 08:06 2890849                    /home/goran/.gradle/wrapper/dists/gradle-5.1.1-all/97z1ksx6lirer3kbvdnh7jtjg/gradle-5.1.1/lib/plugins/google-http-client-1.25.0.jar
7f54ee37e000-7f54ee381000 r--s 0000d000 08:06 2890847                    /home/goran/.gradle/wrapper/dists/gradle-5.1.1-all/97z1ksx6lirer3kbvdnh7jtjg/gradle-5.1.1/lib/plugins/google-oauth-client-1.25.0.jar
7f54ee381000-7f54ee386000 r--s 0002d000 08:06 2890846                    /home/goran/.gradle/wrapper/dists/gradle-5.1.1-all/97z1ksx6lirer3kbvdnh7jtjg/gradle-5.1.1/lib/plugins/google-api-client-1.25.0.jar
7f54ee386000-7f54ee38a000 r--s 0001d000 08:06 2890845                    /home/goran/.gradle/wrapper/dists/gradle-5.1.1-all/97z1ksx6lirer3kbvdnh7jtjg/gradle-5.1.1/lib/plugins/google-api-services-storage-v1-rev136-1.25.0.jar
7f54ee38a000-7f54ee38c000 r--s 00003000 08:06 2890833                    /home/goran/.gradle/wrapper/dists/gradle-5.1.1-all/97z1ksx6lirer3kbvdnh7jtjg/gradle-5.1.1/lib/plugins/gradle-resources-gcs-5.1.1.jar
7f54ee38c000-7f54ee38e000 r--s 00010000 08:06 2890831                    /home/goran/.gradle/wrapper/dists/gradle-5.1.1-all/97z1ksx6lirer3kbvdnh7jtjg/gradle-5.1.1/lib/plugins/gradle-reporting-5.1.1.jar
7f54ee38e000-7f54ee390000 r--s 00007000 08:06 2890824                    /home/goran/.gradle/wrapper/dists/gradle-5.1.1-all/97z1ksx6lirer3kbvdnh7jtjg/gradle-5.1.1/lib/plugins/gradle-publish-5.1.1.jar
7f54ee390000-7f54ee392000 r--s 0000c000 08:06 2890853                    /home/goran/.gradle/wrapper/dists/gradle-5.1.1-all/97z1ksx6lirer3kbvdnh7jtjg/gradle-5.1.1/lib/plugins/commons-cli-1.4.jar
7f54ee392000-7f54ee399000 r--s 0003e000 08:06 2890812                    /home/goran/.gradle/wrapper/dists/gradle-5.1.1-all/97z1ksx6lirer3kbvdnh7jtjg/gradle-5.1.1/lib/plugins/gradle-plugins-5.1.1.jar
7f54ee399000-7f54ee39b000 r--s 0000c000 08:06 2890800                    /home/goran/.gradle/wrapper/dists/gradle-5.1.1-all/97z1ksx6lirer3kbvdnh7jtjg/gradle-5.1.1/lib/plugins/gradle-plugin-development-5.1.1.jar
7f54ee39b000-7f54ee3a1000 r--s 00030000 08:06 2890807                    /home/goran/.gradle/wrapper/dists/gradle-5.1.1-all/97z1ksx6lirer3kbvdnh7jtjg/gradle-5.1.1/lib/plugins/gradle-platform-play-5.1.1.jar
7f54ee3a1000-7f54ee3a7000 r--s 0003d000 08:06 2890870                    /home/goran/.gradle/wrapper/dists/gradle-5.1.1-all/97z1ksx6lirer3kbvdnh7jtjg/gradle-5.1.1/lib/plugins/snakeyaml-1.17.jar
7f54ee3a7000-7f54ee3b8000 r--s 00076000 08:06 2890822                    /home/goran/.gradle/wrapper/dists/gradle-5.1.1-all/97z1ksx6lirer3kbvdnh7jtjg/gradle-5.1.1/lib/plugins/gradle-platform-native-5.1.1.jar
7f54ee3b8000-7f54ee3bc000 r--s 0001b000 08:06 2890821                    /home/goran/.gradle/wrapper/dists/gradle-5.1.1-all/97z1ksx6lirer3kbvdnh7jtjg/gradle-5.1.1/lib/plugins/gradle-platform-jvm-5.1.1.jar
7f54ee3bc000-7f54ee3c3000 r--s 00029000 08:06 2890826                    /home/goran/.gradle/wrapper/dists/gradle-5.1.1-all/97z1ksx6lirer3kbvdnh7jtjg/gradle-5.1.1/lib/plugins/gradle-platform-base-5.1.1.jar
7f54ee3c3000-7f54ee3f0000 r--s 0025e000 08:06 2890854                    /home/goran/.gradle/wrapper/dists/gradle-5.1.1-all/97z1ksx6lirer3kbvdnh7jtjg/gradle-5.1.1/lib/plugins/biz.aQute.bndlib-4.0.0.jar
7f54ee3f0000-7f54ee3f1000 r--s 00004000 08:06 2890794                    /home/goran/.gradle/wrapper/dists/gradle-5.1.1-all/97z1ksx6lirer3kbvdnh7jtjg/gradle-5.1.1/lib/plugins/gradle-osgi-5.1.1.jar
7f54ee3f1000-7f54ee3f4000 r--s 0000c000 08:06 2890859                    /home/goran/.gradle/wrapper/dists/gradle-5.1.1-all/97z1ksx6lirer3kbvdnh7jtjg/gradle-5.1.1/lib/plugins/pmaven-groovy-0.8-20100325.jar
7f54ee3f4000-7f54ee3f5000 r--s 00004000 08:06 2890858                    /home/goran/.gradle/wrapper/dists/gradle-5.1.1-all/97z1ksx6lirer3kbvdnh7jtjg/gradle-5.1.1/lib/plugins/pmaven-common-0.8-20100325.jar
7f54ee3f5000-7f54ee3f6000 r--s 00008000 08:06 2890844                    /home/goran/.gradle/wrapper/dists/gradle-5.1.1-all/97z1ksx6lirer3kbvdnh7jtjg/gradle-5.1.1/lib/plugins/wagon-http-shared-3.0.0.jar
7f54ee3f6000-7f54ee3f7000 r--s 00002000 08:06 2890843                    /home/goran/.gradle/wrapper/dists/gradle-5.1.1-all/97z1ksx6lirer3kbvdnh7jtjg/gradle-5.1.1/lib/plugins/wagon-http-3.0.0.jar
7f54ee3f7000-7f54ee3f8000 r--s 00002000 08:06 2890860                    /home/goran/.gradle/wrapper/dists/gradle-5.1.1-all/97z1ksx6lirer3kbvdnh7jtjg/gradle-5.1.1/lib/plugins/wagon-file-3.0.0.jar
7f54ee3f8000-7f54ee3fa000 r--s 00006000 08:06 2890862                    /home/goran/.gradle/wrapper/dists/gradle-5.1.1-all/97z1ksx6lirer3kbvdnh7jtjg/gradle-5.1.1/lib/plugins/aether-connector-wagon-1.13.1.jar
7f54ee3fa000-7f54ee400000 r--s 0002e000 08:06 2890801                    /home/goran/.gradle/wrapper/dists/gradle-5.1.1-all/97z1ksx6lirer3kbvdnh7jtjg/gradle-5.1.1/lib/plugins/gradle-maven-5.1.1.jar
7f54ee400000-7f54ee403000 r--s 0000b000 08:06 2890814                    /home/goran/.gradle/wrapper/dists/gradle-5.1.1-all/97z1ksx6lirer3kbvdnh7jtjg/gradle-5.1.1/lib/plugins/gradle-language-scala-5.1.1.jar
7f54ee403000-7f54ee40f000 r--s 00059000 08:06 2890799                    /home/goran/.gradle/wrapper/dists/gradle-5.1.1-all/97z1ksx6lirer3kbvdnh7jtjg/gradle-5.1.1/lib/plugins/gradle-language-native-5.1.1.jar
7f54ee40f000-7f54ee412000 r--s 00004000 08:06 2890820                    /home/goran/.gradle/wrapper/dists/gradle-5.1.1-all/97z1ksx6lirer3kbvdnh7jtjg/gradle-5.1.1/lib/plugins/gradle-language-jvm-5.1.1.jar
7f54ee412000-7f54ee41b000 r--s 00040000 08:06 2890818                    /home/goran/.gradle/wrapper/dists/gradle-5.1.1-all/97z1ksx6lirer3kbvdnh7jtjg/gradle-5.1.1/lib/plugins/gradle-language-java-5.1.1.jar
7f54ee41b000-7f54ee41d000 r--s 0000b000 08:06 2890813                    /home/goran/.gradle/wrapper/dists/gradle-5.1.1-all/97z1ksx6lirer3kbvdnh7jtjg/gradle-5.1.1/lib/plugins/gradle-language-groovy-5.1.1.jar
7f54ee41d000-7f54ee424000 r--s 00035000 08:06 2890866                    /home/goran/.gradle/wrapper/dists/gradle-5.1.1-all/97z1ksx6lirer3kbvdnh7jtjg/gradle-5.1.1/lib/plugins/simple-4.1.21.jar
7f54ee424000-7f54ee431000 r--s 00125000 08:06 2890864                    /home/goran/.gradle/wrapper/dists/gradle-5.1.1-all/97z1ksx6lirer3kbvdnh7jtjg/gradle-5.1.1/lib/plugins/rhino-1.7.10.jar
7f54ee431000-7f54ee435000 r--s 00012000 08:06 2890808                    /home/goran/.gradle/wrapper/dists/gradle-5.1.1-all/97z1ksx6lirer3kbvdnh7jtjg/gradle-5.1.1/lib/plugins/gradle-javascript-5.1.1.jar
7f54ee435000-7f54ee438000 r--s 00011000 08:06 2890810                    /home/goran/.gradle/wrapper/dists/gradle-5.1.1-all/97z1ksx6lirer3kbvdnh7jtjg/gradle-5.1.1/lib/plugins/gradle-jacoco-5.1.1.jar
7f54ee438000-7f54ee43b000 r--s 00013000 08:06 2890809                    /home/goran/.gradle/wrapper/dists/gradle-5.1.1-all/97z1ksx6lirer3kbvdnh7jtjg/gradle-5.1.1/lib/plugins/gradle-ivy-5.1.1.jar
7f54ee43b000-7f54ee43c000 r--s 00002000 08:06 2890802                    /home/goran/.gradle/wrapper/dists/gradle-5.1.1-all/97z1ksx6lirer3kbvdnh7jtjg/gradle-5.1.1/lib/plugins/gradle-ide-play-5.1.1.jar
7f54ee43c000-7f54ee43e000 r--s 00011000 08:06 2890871                    /home/goran/.gradle/wrapper/dists/gradle-5.1.1-all/97z1ksx6lirer3kbvdnh7jtjg/gradle-5.1.1/lib/plugins/dd-plist-1.21.jar
7f54ee43e000-7f54ee445000 r--s 00033000 08:06 2890797                    /home/goran/.gradle/wrapper/dists/gradle-5.1.1-all/97z1ksx6lirer3kbvdnh7jtjg/gradle-5.1.1/lib/plugins/gradle-ide-native-5.1.1.jar
7f54ee445000-7f54ee44f000 r--s 0005e000 08:06 2890803                    /home/goran/.gradle/wrapper/dists/gradle-5.1.1-all/97z1ksx6lirer3kbvdnh7jtjg/gradle-5.1.1/lib/plugins/gradle-ide-5.1.1.jar
7f54ee44f000-7f54ee451000 r--s 00008000 08:06 2890806                    /home/goran/.gradle/wrapper/dists/gradle-5.1.1-all/97z1ksx6lirer3kbvdnh7jtjg/gradle-5.1.1/lib/plugins/gradle-ear-5.1.1.jar
7f54ee451000-7f54ee453000 r--s 00006000 08:06 2890867                    /home/goran/.gradle/wrapper/dists/gradle-5.1.1-all/97z1ksx6lirer3kbvdnh7jtjg/gradle-5.1.1/lib/plugins/jatl-0.2.3.jar
7f54ee453000-7f54ee45a000 r--s 0003d000 08:06 2890823                    /home/goran/.gradle/wrapper/dists/gradle-5.1.1-all/97z1ksx6lirer3kbvdnh7jtjg/gradle-5.1.1/lib/plugins/gradle-diagnostics-5.1.1.jar
7f54ee45a000-7f54ee45f000 r--s 00028000 08:06 2890793                    /home/goran/.gradle/wrapper/dists/gradle-5.1.1-all/97z1ksx6lirer3kbvdnh7jtjg/gradle-5.1.1/lib/plugins/gradle-code-quality-5.1.1.jar
7f54ee45f000-7f54ee461000 r--s 0000b000 08:06 2890868                    /home/goran/.gradle/wrapper/dists/gradle-5.1.1-all/97z1ksx6lirer3kbvdnh7jtjg/gradle-5.1.1/lib/plugins/maven-plugin-api-3.0.4.jar
7f54ee461000-7f54ee463000 r--s 0000c000 08:06 2890906                    /home/goran/.gradle/wrapper/dists/gradle-5.1.1-all/97z1ksx6lirer3kbvdnh7jtjg/gradle-5.1.1/lib/plugins/wagon-provider-api-3.0.0.jar
7f54ee463000-7f54ee469000 r--s 0003f000 08:06 2890856                    /home/goran/.gradle/wrapper/dists/gradle-5.1.1-all/97z1ksx6lirer3kbvdnh7jtjg/gradle-5.1.1/lib/plugins/maven-compat-3.0.4.jar
7f54ee469000-7f54ee46c000 r--s 0000a000 08:06 2890903                    /home/goran/.gradle/wrapper/dists/gradle-5.1.1-all/97z1ksx6lirer3kbvdnh7jtjg/gradle-5.1.1/lib/plugins/plexus-classworlds-2.5.1.jar
7f54ee46c000-7f54ee470000 r--s 00021000 08:06 2890908                    /home/goran/.gradle/wrapper/dists/gradle-5.1.1-all/97z1ksx6lirer3kbvdnh7jtjg/gradle-5.1.1/lib/plugins/xbean-reflect-3.7.jar
7f54ee470000-7f54ee477000 r--s 00032000 08:06 2890861                    /home/goran/.gradle/wrapper/dists/gradle-5.1.1-all/97z1ksx6lirer3kbvdnh7jtjg/gradle-5.1.1/lib/plugins/plexus-container-default-1.7.1.jar
7f54ee477000-7f54ee47d000 r--s 0002e000 08:06 2890811                    /home/goran/.gradle/wrapper/dists/gradle-5.1.1-all/97z1ksx6lirer3kbvdnh7jtjg/gradle-5.1.1/lib/plugins/gradle-build-init-5.1.1.jar
7f54ee47d000-7f54ee483000 r--s 0002e000 08:06 2890805                    /home/goran/.gradle/wrapper/dists/gradle-5.1.1-all/97z1ksx6lirer3kbvdnh7jtjg/gradle-5.1.1/lib/plugins/gradle-build-comparison-5.1.1.jar
7f54ee483000-7f54ee484000 r--s 00002000 08:06 2890834                    /home/goran/.gradle/wrapper/dists/gradle-5.1.1-all/97z1ksx6lirer3kbvdnh7jtjg/gradle-5.1.1/lib/plugins/gradle-build-cache-http-5.1.1.jar
7f54ee484000-7f54ee486000 r--s 00009000 08:06 2890792                    /home/goran/.gradle/wrapper/dists/gradle-5.1.1-all/97z1ksx6lirer3kbvdnh7jtjg/gradle-5.1.1/lib/plugins/gradle-antlr-5.1.1.jar
7f54ee486000-7f54ee487000 r--s 00005000 08:06 2890791                    /home/goran/.gradle/wrapper/dists/gradle-5.1.1-all/97z1ksx6lirer3kbvdnh7jtjg/gradle-5.1.1/lib/plugins/gradle-announce-5.1.1.jar
7f54ee487000-7f54ee48a000 r--s 00016000 08:06 2890712                    /home/goran/.gradle/wrapper/dists/gradle-5.1.1-all/97z1ksx6lirer3kbvdnh7jtjg/gradle-5.1.1/lib/gradle-kotlin-dsl-tooling-builders-1.1.1.jar
7f54ee48a000-7f54ee48c000 r--s 00006000 08:06 2890711                    /home/goran/.gradle/wrapper/dists/gradle-5.1.1-all/97z1ksx6lirer3kbvdnh7jtjg/gradle-5.1.1/lib/gradle-kotlin-dsl-provider-plugins-1.1.1.jar
7f54ee48c000-7f54ee48d000 r--s 00000000 08:06 2890725                    /home/goran/.gradle/wrapper/dists/gradle-5.1.1-all/97z1ksx6lirer3kbvdnh7jtjg/gradle-5.1.1/lib/gradle-runtime-api-info-5.1.1.jar
7f54ee48d000-7f54ee492000 r--s 00040000 08:06 2890878                    /home/goran/.gradle/wrapper/dists/gradle-5.1.1-all/97z1ksx6lirer3kbvdnh7jtjg/gradle-5.1.1/lib/plugins/jsch-0.1.54.jar
7f54ee492000-7f54ee494000 r--s 00010000 08:06 2890894                    /home/goran/.gradle/wrapper/dists/gradle-5.1.1-all/97z1ksx6lirer3kbvdnh7jtjg/gradle-5.1.1/lib/plugins/jzlib-1.1.3.jar
7f54ee494000-7f54ee4b9000 r--s 00265000 08:06 2890842                    /home/goran/.gradle/wrapper/dists/gradle-5.1.1-all/97z1ksx6lirer3kbvdnh7jtjg/gradle-5.1.1/lib/plugins/org.eclipse.jgit-5.0.3.201809091024-r.jar
7f54ee4b9000-7f54ee4bb000 r--s 0000c000 08:06 2890828                    /home/goran/.gradle/wrapper/dists/gradle-5.1.1-all/97z1ksx6lirer3kbvdnh7jtjg/gradle-5.1.1/lib/plugins/gradle-version-control-5.1.1.jar
7f54ee4bb000-7f54ee4d4000 r--s 0013a000 08:06 2890877                    /home/goran/.gradle/wrapper/dists/gradle-5.1.1-all/97z1ksx6lirer3kbvdnh7jtjg/gradle-5.1.1/lib/plugins/xercesImpl-2.12.0.jar
7f54ee4d4000-7f54ee4d6000 r--s 0001d000 08:06 2890876                    /home/goran/.gradle/wrapper/dists/gradle-5.1.1-all/97z1ksx6lirer3kbvdnh7jtjg/gradle-5.1.1/lib/plugins/nekohtml-1.9.22.jar
7f54ee4d6000-7f54ee4dc000 r--s 0005b000 08:06 2890875                    /home/goran/.gradle/wrapper/dists/gradle-5.1.1-all/97z1ksx6lirer3kbvdnh7jtjg/gradle-5.1.1/lib/plugins/jcifs-1.3.17.jar
7f54ee4dc000-7f54ee4e3000 r--s 0004b000 08:06 2890851                    /home/goran/.gradle/wrapper/dists/gradle-5.1.1-all/97z1ksx6lirer3kbvdnh7jtjg/gradle-5.1.1/lib/plugins/commons-codec-1.11.jar
7f54ee4e3000-7f54ee4ea000 r--s 00049000 08:06 2890892                    /home/goran/.gradle/wrapper/dists/gradle-5.1.1-all/97z1ksx6lirer3kbvdnh7jtjg/gradle-5.1.1/lib/plugins/httpcore-4.4.10.jar
7f54ee4ea000-7f54ee4f7000 r--s 000af000 08:06 2890850                    /home/goran/.gradle/wrapper/dists/gradle-5.1.1-all/97z1ksx6lirer3kbvdnh7jtjg/gradle-5.1.1/lib/plugins/httpclient-4.5.6.jar
7f54ee4f7000-7f54ee4f9000 r--s 0000e000 08:06 2890835                    /home/goran/.gradle/wrapper/dists/gradle-5.1.1-all/97z1ksx6lirer3kbvdnh7jtjg/gradle-5.1.1/lib/plugins/gradle-resources-http-5.1.1.jar
7f54ee4f9000-7f54ee4fc000 r--s 0000c000 08:06 2890827                    /home/goran/.gradle/wrapper/dists/gradle-5.1.1-all/97z1ksx6lirer3kbvdnh7jtjg/gradle-5.1.1/lib/plugins/gradle-plugin-use-5.1.1.jar
7f54ee4fc000-7f54ee4ff000 r--s 0000d000 08:06 2890830                    /home/goran/.gradle/wrapper/dists/gradle-5.1.1-all/97z1ksx6lirer3kbvdnh7jtjg/gradle-5.1.1/lib/plugins/gradle-composite-builds-5.1.1.jar
7f54ee4ff000-7f54ee500000 r--s 00000000 08:06 2890728                    /home/goran/.gradle/wrapper/dists/gradle-5.1.1-all/97z1ksx6lirer3kbvdnh7jtjg/gradle-5.1.1/lib/gradle-installation-beacon-5.1.1.jar
7f54ee500000-7f54ee502000 r--s 00006000 08:06 2890898                    /home/goran/.gradle/wrapper/dists/gradle-5.1.1-all/97z1ksx6lirer3kbvdnh7jtjg/gradle-5.1.1/lib/plugins/maven-repository-metadata-3.0.4.jar
7f54ee502000-7f54ee504000 r--s 0000c000 08:06 2890886                    /home/goran/.gradle/wrapper/dists/gradle-5.1.1-all/97z1ksx6lirer3kbvdnh7jtjg/gradle-5.1.1/lib/plugins/maven-aether-provider-3.0.4.jar
7f54ee504000-7f54ee505000 r--s 00003000 08:06 2890888                    /home/goran/.gradle/wrapper/dists/gradle-5.1.1-all/97z1ksx6lirer3kbvdnh7jtjg/gradle-5.1.1/lib/plugins/aether-spi-1.13.1.jar
7f54ee505000-7f54ee508000 r--s 0001d000 08:06 2890887                    /home/goran/.gradle/wrapper/dists/gradle-5.1.1-all/97z1ksx6lirer3kbvdnh7jtjg/gradle-5.1.1/lib/plugins/aether-impl-1.13.1.jar
7f54ee508000-7f54ee50c000 r--s 0001c000 08:06 2890889                    /home/goran/.gradle/wrapper/dists/gradle-5.1.1-all/97z1ksx6lirer3kbvdnh7jtjg/gradle-5.1.1/lib/plugins/aether-util-1.13.1.jar
7f54ee50c000-7f54ee50f000 r--s 00013000 08:06 2890890                    /home/goran/.gradle/wrapper/dists/gradle-5.1.1-all/97z1ksx6lirer3kbvdnh7jtjg/gradle-5.1.1/lib/plugins/aether-api-1.13.1.jar
7f54ee50f000-7f54ee511000 r--s 0000b000 08:06 2890895                    /home/goran/.gradle/wrapper/dists/gradle-5.1.1-all/97z1ksx6lirer3kbvdnh7jtjg/gradle-5.1.1/lib/plugins/maven-artifact-3.0.4.jar
7f54ee511000-7f54ee515000 r--s 00021000 08:06 2890896                    /home/goran/.gradle/wrapper/dists/gradle-5.1.1-all/97z1ksx6lirer3kbvdnh7jtjg/gradle-5.1.1/lib/plugins/maven-model-builder-3.0.4.jar
7f54ee515000-7f54ee517000 r--s 00026000 08:06 2890897                    /home/goran/.gradle/wrapper/dists/gradle-5.1.1-all/97z1ksx6lirer3kbvdnh7jtjg/gradle-5.1.1/lib/plugins/maven-model-3.0.4.jar
7f54ee517000-7f54ee519000 r--s 0000a000 08:06 2890900                    /home/goran/.gradle/wrapper/dists/gradle-5.1.1-all/97z1ksx6lirer3kbvdnh7jtjg/gradle-5.1.1/lib/plugins/maven-settings-3.0.4.jar
7f54ee519000-7f54ee51b000 r--s 00002000 08:06 2890902                    /home/goran/.gradle/wrapper/dists/gradle-5.1.1-all/97z1ksx6lirer3kbvdnh7jtjg/gradle-5.1.1/lib/plugins/plexus-cipher-1.7.jar
7f54ee51b000-7f54ee51d000 r--s 00000000 08:06 2890904                    /home/goran/.gradle/wrapper/dists/gradle-5.1.1-all/97z1ksx6lirer3kbvdnh7jtjg/gradle-5.1.1/lib/plugins/plexus-component-annotations-1.5.5.jar
7f54ee51d000-7f54ee521000 r--s 0003c000 08:06 2890907                    /home/goran/.gradle/wrapper/dists/gradle-5.1.1-all/97z1ksx6lirer3kbvdnh7jtjg/gradle-5.1.1/lib/plugins/plexus-utils-3.1.0.jar
7f54ee521000-7f54ee536000 r--s 00116000 08:06 2890855                    /home/goran/.gradle/wrapper/dists/gradle-5.1.1-all/97z1ksx6lirer3kbvdnh7jtjg/gradle-5.1.1/lib/plugins/ivy-2.3.0.jar
7f54ee536000-7f54ee58e000 r--s 003a7000 08:06 2890885                    /home/goran/.gradle/wrapper/dists/gradle-5.1.1-all/97z1ksx6lirer3kbvdnh7jtjg/gradle-5.1.1/lib/plugins/bcprov-jdk15on-1.60.jar
7f54ee58e000-7f54ee5c0000 r--s 001a9000 08:06 2890829                    /home/goran/.gradle/wrapper/dists/gradle-5.1.1-all/97z1ksx6lirer3kbvdnh7jtjg/gradle-5.1.1/lib/plugins/gradle-dependency-management-5.1.1.jar
7f54ee5c0000-7f54ee5d7000 r-xp 00000000 08:06 2367533                    /lib/x86_64-linux-gnu/libgcc_s.so.1
7f54ee5d7000-7f54ee7d6000 ---p 00017000 08:06 2367533                    /lib/x86_64-linux-gnu/libgcc_s.so.1
7f54ee7d6000-7f54ee7d7000 r--p 00016000 08:06 2367533                    /lib/x86_64-linux-gnu/libgcc_s.so.1
7f54ee7d7000-7f54ee7d8000 rw-p 00017000 08:06 2367533                    /lib/x86_64-linux-gnu/libgcc_s.so.1
7f54ee7d8000-7f54ee951000 r-xp 00000000 08:06 658055                     /usr/lib/x86_64-linux-gnu/libstdc++.so.6.0.25
7f54ee951000-7f54eeb51000 ---p 00179000 08:06 658055                     /usr/lib/x86_64-linux-gnu/libstdc++.so.6.0.25
7f54eeb51000-7f54eeb5b000 r--p 00179000 08:06 658055                     /usr/lib/x86_64-linux-gnu/libstdc++.so.6.0.25
7f54eeb5b000-7f54eeb5d000 rw-p 00183000 08:06 658055                     /usr/lib/x86_64-linux-gnu/libstdc++.so.6.0.25
7f54eeb5d000-7f54eeb61000 rw-p 00000000 00:00 0 
7f54eeb61000-7f54eeb62000 r--s 00006000 08:06 2890901                    /home/goran/.gradle/wrapper/dists/gradle-5.1.1-all/97z1ksx6lirer3kbvdnh7jtjg/gradle-5.1.1/lib/plugins/plexus-sec-dispatcher-1.3.jar
7f54eeb62000-7f54eeb64000 r--s 0000d000 08:06 2890905                    /home/goran/.gradle/wrapper/dists/gradle-5.1.1-all/97z1ksx6lirer3kbvdnh7jtjg/gradle-5.1.1/lib/plugins/plexus-interpolation-1.14.jar
7f54eeb64000-7f54eeb67000 r--s 00008000 08:06 2890899                    /home/goran/.gradle/wrapper/dists/gradle-5.1.1-all/97z1ksx6lirer3kbvdnh7jtjg/gradle-5.1.1/lib/plugins/maven-settings-builder-3.0.4.jar
7f54eeb67000-7f54eeb73000 r--s 0007d000 08:06 2890857                    /home/goran/.gradle/wrapper/dists/gradle-5.1.1-all/97z1ksx6lirer3kbvdnh7jtjg/gradle-5.1.1/lib/plugins/maven-core-3.0.4.jar
7f54eeb73000-7f54eeb78000 r--s 00036000 08:06 2890865                    /home/goran/.gradle/wrapper/dists/gradle-5.1.1-all/97z1ksx6lirer3kbvdnh7jtjg/gradle-5.1.1/lib/plugins/gson-2.8.5.jar
7f54eeb78000-7f54eeb79000 r--s 00013000 08:06 2890852                    /home/goran/.gradle/wrapper/dists/gradle-5.1.1-all/97z1ksx6lirer3kbvdnh7jtjg/gradle-5.1.1/lib/plugins/asm-util-7.0.jar
7f54eeb79000-7f54eeb7b000 r--s 0000f000 08:06 2890838                    /home/goran/.gradle/wrapper/dists/gradle-5.1.1-all/97z1ksx6lirer3kbvdnh7jtjg/gradle-5.1.1/lib/plugins/gradle-workers-5.1.1.jar
7f54eeb7b000-7f54eeb80000 r-xp 00000000 08:06 2891846                    /home/goran/.gradle/native/25/linux-amd64/libnative-platform.so
7f54eeb80000-7f54eed7f000 ---p 00005000 08:06 2891846                    /home/goran/.gradle/native/25/linux-amd64/libnative-platform.so
7f54eed7f000-7f54eed80000 rw-p 00004000 08:06 2891846                    /home/goran/.gradle/native/25/linux-amd64/libnative-platform.so
7f54eed80000-7f54eed90000 r-xp 00000000 08:06 4066388                    /opt/android-studio/jre/jre/lib/amd64/libnio.so
7f54eed90000-7f54eed91000 rw-p 00010000 08:06 4066388                    /opt/android-studio/jre/jre/lib/amd64/libnio.so
7f54eed91000-7f54eeda7000 r-xp 00000000 08:06 4066367                    /opt/android-studio/jre/jre/lib/amd64/libnet.so
7f54eeda7000-7f54eeda8000 rw-p 00016000 08:06 4066367                    /opt/android-studio/jre/jre/lib/amd64/libnet.so
7f54eeda8000-7f54eeda9000 r--s 00006000 08:06 2890727                    /home/goran/.gradle/wrapper/dists/gradle-5.1.1-all/97z1ksx6lirer3kbvdnh7jtjg/gradle-5.1.1/lib/gradle-wrapper-5.1.1.jar
7f54eeda9000-7f54eedb8000 r--s 0004b000 08:06 2890726                    /home/goran/.gradle/wrapper/dists/gradle-5.1.1-all/97z1ksx6lirer3kbvdnh7jtjg/gradle-5.1.1/lib/gradle-tooling-api-5.1.1.jar
7f54eedb8000-7f54eedc7000 r--s 00231000 08:06 2890722                    /home/goran/.gradle/wrapper/dists/gradle-5.1.1-all/97z1ksx6lirer3kbvdnh7jtjg/gradle-5.1.1/lib/kotlinx-metadata-jvm-0.0.4.jar
7f54eedc7000-7f54eedc9000 r--s 00002000 08:06 2890721                    /home/goran/.gradle/wrapper/dists/gradle-5.1.1-all/97z1ksx6lirer3kbvdnh7jtjg/gradle-5.1.1/lib/kotlin-stdlib-jdk8-1.3.11.jar
7f54eedc9000-7f54eedca000 r--s 00000000 08:06 2890720                    /home/goran/.gradle/wrapper/dists/gradle-5.1.1-all/97z1ksx6lirer3kbvdnh7jtjg/gradle-5.1.1/lib/kotlin-stdlib-jdk7-1.3.11.jar
7f54eedca000-7f54eedd1000 r--s 0001e000 08:06 2890719                    /home/goran/.gradle/wrapper/dists/gradle-5.1.1-all/97z1ksx6lirer3kbvdnh7jtjg/gradle-5.1.1/lib/kotlin-stdlib-common-1.3.11.jar
7f54eedd1000-7f54eede4000 r--s 0010e000 08:06 2890718                    /home/goran/.gradle/wrapper/dists/gradle-5.1.1-all/97z1ksx6lirer3kbvdnh7jtjg/gradle-5.1.1/lib/kotlin-stdlib-1.3.11.jar
7f54eede4000-7f54eede6000 r--s 00009000 08:06 2890717                    /home/goran/.gradle/wrapper/dists/gradle-5.1.1-all/97z1ksx6lirer3kbvdnh7jtjg/gradle-5.1.1/lib/kotlin-script-runtime-1.3.11.jar
7f54eede6000-7f54eede7000 r--s 00002000 08:06 2890716                    /home/goran/.gradle/wrapper/dists/gradle-5.1.1-all/97z1ksx6lirer3kbvdnh7jtjg/gradle-5.1.1/lib/kotlin-sam-with-receiver-compiler-plugin-1.3.11.jar
7f54eede7000-7f54eee1d000 r--s 00250000 08:06 2890715                    /home/goran/.gradle/wrapper/dists/gradle-5.1.1-all/97z1ksx6lirer3kbvdnh7jtjg/gradle-5.1.1/lib/kotlin-reflect-1.3.11.jar
7f54eee1d000-7f54eeff6000 r--s 01b06000 08:06 2890714                    /home/goran/.gradle/wrapper/dists/gradle-5.1.1-all/97z1ksx6lirer3kbvdnh7jtjg/gradle-5.1.1/lib/kotlin-compiler-embeddable-1.3.11.jar
7f54eeff6000-7f54eeff7000 r--s 00001000 08:06 2890713                    /home/goran/.gradle/wrapper/dists/gradle-5.1.1-all/97z1ksx6lirer3kbvdnh7jtjg/gradle-5.1.1/lib/gradle-kotlin-dsl-tooling-models-1.1.1.jar
7f54eeff7000-7f54eeff9000 r--s 00003000 08:06 2890709                    /home/goran/.gradle/wrapper/dists/gradle-5.1.1-all/97z1ksx6lirer3kbvdnh7jtjg/gradle-5.1.1/lib/annotations-13.0.jar
7f54eeff9000-7f54ef013000 r--s 0014e000 08:06 2890710                    /home/goran/.gradle/wrapper/dists/gradle-5.1.1-all/97z1ksx6lirer3kbvdnh7jtjg/gradle-5.1.1/lib/gradle-kotlin-dsl-1.1.1.jar
7f54ef013000-7f54ef016000 r--s 00010000 08:06 2890731                    /home/goran/.gradle/wrapper/dists/gradle-5.1.1-all/97z1ksx6lirer3kbvdnh7jtjg/gradle-5.1.1/lib/gradle-execution-5.1.1.jar
7f54ef016000-7f54ef01a000 r--s 0001a000 08:06 2890734                    /home/goran/.gradle/wrapper/dists/gradle-5.1.1-all/97z1ksx6lirer3kbvdnh7jtjg/gradle-5.1.1/lib/gradle-files-5.1.1.jar
7f54ef01a000-7f54ef09f000 r--s 007a7000 08:06 2890764                    /home/goran/.gradle/wrapper/dists/gradle-5.1.1-all/97z1ksx6lirer3kbvdnh7jtjg/gradle-5.1.1/lib/groovy-all-1.0-2.5.4.jar
7f54ef09f000-7f54ef0a0000 ---p 00000000 00:00 0 
7f54ef0a0000-7f54ef1a0000 rw-p 00000000 00:00 0 
7f54ef1a0000-7f54ef1a3000 ---p 00000000 00:00 0 
7f54ef1a3000-7f54ef2a1000 rw-p 00000000 00:00 0 
7f54ef2a1000-7f54ef2a2000 ---p 00000000 00:00 0 
7f54ef2a2000-7f54ef2a5000 ---p 00000000 00:00 0 
7f54ef2a5000-7f54ef3a2000 rw-p 00000000 00:00 0 
7f54ef3a2000-7f54ef3a3000 ---p 00000000 00:00 0 
7f54ef3a3000-7f54ef3a6000 ---p 00000000 00:00 0 
7f54ef3a6000-7f54ef4a3000 rw-p 00000000 00:00 0 
7f54ef4a3000-7f54f0000000 r--p 00000000 08:06 662213                     /usr/lib/locale/locale-archive
7f54f0000000-7f54f0021000 rw-p 00000000 00:00 0 
7f54f0021000-7f54f4000000 ---p 00000000 00:00 0 
7f54f4000000-7f54f4002000 r--s 00007000 08:06 2890732                    /home/goran/.gradle/wrapper/dists/gradle-5.1.1-all/97z1ksx6lirer3kbvdnh7jtjg/gradle-5.1.1/lib/gradle-build-cache-packaging-5.1.1.jar
7f54f4002000-7f54f4007000 r--s 00022000 08:06 2890733                    /home/goran/.gradle/wrapper/dists/gradle-5.1.1-all/97z1ksx6lirer3kbvdnh7jtjg/gradle-5.1.1/lib/gradle-snapshots-5.1.1.jar
7f54f4007000-7f54f4008000 r--s 00003000 08:06 2890747                    /home/goran/.gradle/wrapper/dists/gradle-5.1.1-all/97z1ksx6lirer3kbvdnh7jtjg/gradle-5.1.1/lib/gradle-build-option-5.1.1.jar
7f54f4008000-7f54f400a000 r--s 00005000 08:06 2890748                    /home/goran/.gradle/wrapper/dists/gradle-5.1.1-all/97z1ksx6lirer3kbvdnh7jtjg/gradle-5.1.1/lib/gradle-cli-5.1.1.jar
7f54f400a000-7f54f400c000 r--s 00004000 08:06 2890758                    /home/goran/.gradle/wrapper/dists/gradle-5.1.1-all/97z1ksx6lirer3kbvdnh7jtjg/gradle-5.1.1/lib/log4j-over-slf4j-1.7.25.jar
7f54f400c000-7f54f400e000 r--s 00000000 08:06 2890757                    /home/goran/.gradle/wrapper/dists/gradle-5.1.1-all/97z1ksx6lirer3kbvdnh7jtjg/gradle-5.1.1/lib/jul-to-slf4j-1.7.25.jar
7f54f400e000-7f54f4010000 r--s 00003000 08:06 2890756                    /home/goran/.gradle/wrapper/dists/gradle-5.1.1-all/97z1ksx6lirer3kbvdnh7jtjg/gradle-5.1.1/lib/jcl-over-slf4j-1.7.25.jar
7f54f4010000-7f54f4018000 r--s 00035000 08:06 2890740                    /home/goran/.gradle/wrapper/dists/gradle-5.1.1-all/97z1ksx6lirer3kbvdnh7jtjg/gradle-5.1.1/lib/gradle-logging-5.1.1.jar
7f54f4018000-7f54f401d000 r--s 00015000 08:06 2890742                    /home/goran/.gradle/wrapper/dists/gradle-5.1.1-all/97z1ksx6lirer3kbvdnh7jtjg/gradle-5.1.1/lib/gradle-resources-5.1.1.jar
7f54f401d000-7f54f4024000 r--s 00036000 08:06 2890739                    /home/goran/.gradle/wrapper/dists/gradle-5.1.1-all/97z1ksx6lirer3kbvdnh7jtjg/gradle-5.1.1/lib/gradle-persistent-cache-5.1.1.jar
7f54f4024000-7f54f4029000 r--s 00014000 08:06 2890738                    /home/goran/.gradle/wrapper/dists/gradle-5.1.1-all/97z1ksx6lirer3kbvdnh7jtjg/gradle-5.1.1/lib/gradle-build-cache-5.1.1.jar
7f54f4029000-7f54f403a000 r--s 00092000 08:06 2890736                    /home/goran/.gradle/wrapper/dists/gradle-5.1.1-all/97z1ksx6lirer3kbvdnh7jtjg/gradle-5.1.1/lib/gradle-model-core-5.1.1.jar
7f54f403a000-7f54f403c000 r--s 0000d000 08:06 2890744                    /home/goran/.gradle/wrapper/dists/gradle-5.1.1-all/97z1ksx6lirer3kbvdnh7jtjg/gradle-5.1.1/lib/gradle-base-services-groovy-5.1.1.jar
7f54f403c000-7f54f403e000 r--s 00007000 08:06 2890735                    /home/goran/.gradle/wrapper/dists/gradle-5.1.1-all/97z1ksx6lirer3kbvdnh7jtjg/gradle-5.1.1/lib/gradle-model-groovy-5.1.1.jar
7f54f403e000-7f54f4040000 r--s 00006000 08:06 2890749                    /home/goran/.gradle/wrapper/dists/gradle-5.1.1-all/97z1ksx6lirer3kbvdnh7jtjg/gradle-5.1.1/lib/gradle-docs-5.1.1.jar
7f54f4040000-7f54f4049000 r--s 0002d000 08:06 2890770                    /home/goran/.gradle/wrapper/dists/gradle-5.1.1-all/97z1ksx6lirer3kbvdnh7jtjg/gradle-5.1.1/lib/xml-apis-1.4.01.jar
7f54f4049000-7f54f404a000 r--s 00000000 08:06 2890766                    /home/goran/.gradle/wrapper/dists/gradle-5.1.1-all/97z1ksx6lirer3kbvdnh7jtjg/gradle-5.1.1/lib/javax.inject-1.jar
7f54f404a000-7f54f4055000 r--s 00086000 08:06 2890769                    /home/goran/.gradle/wrapper/dists/gradle-5.1.1-all/97z1ksx6lirer3kbvdnh7jtjg/gradle-5.1.1/lib/commons-compress-1.18.jar
7f54f4055000-7f54f4062000 r--s 00083000 08:06 2890767                    /home/goran/.gradle/wrapper/dists/gradle-5.1.1-all/97z1ksx6lirer3kbvdnh7jtjg/gradle-5.1.1/lib/commons-collections-3.2.2.jar
7f54f4062000-7f54f4064000 r--s 00007000 08:06 2890751                    /home/goran/.gradle/wrapper/dists/gradle-5.1.1-all/97z1ksx6lirer3kbvdnh7jtjg/gradle-5.1.1/lib/asm-analysis-7.0.jar
7f54f4064000-7f54f4066000 r--s 0000b000 08:06 2890752                    /home/goran/.gradle/wrapper/dists/gradle-5.1.1-all/97z1ksx6lirer3kbvdnh7jtjg/gradle-5.1.1/lib/asm-tree-7.0.jar
7f54f4066000-7f54f4068000 r--s 00012000 08:06 2890750                    /home/goran/.gradle/wrapper/dists/gradle-5.1.1-all/97z1ksx6lirer3kbvdnh7jtjg/gradle-5.1.1/lib/asm-commons-7.0.jar
7f54f4068000-7f54f4069000 r--s 00004000 08:06 2890776                    /home/goran/.gradle/wrapper/dists/gradle-5.1.1-all/97z1ksx6lirer3kbvdnh7jtjg/gradle-5.1.1/lib/native-platform-freebsd-amd64-libcpp-0.14.jar
7f54f4069000-7f54f406a000 r--s 00004000 08:06 2890777                    /home/goran/.gradle/wrapper/dists/gradle-5.1.1-all/97z1ksx6lirer3kbvdnh7jtjg/gradle-5.1.1/lib/native-platform-freebsd-amd64-libstdcpp-0.14.jar
7f54f406a000-7f54f406b000 r--s 00004000 08:06 2890778                    /home/goran/.gradle/wrapper/dists/gradle-5.1.1-all/97z1ksx6lirer3kbvdnh7jtjg/gradle-5.1.1/lib/native-platform-freebsd-i386-libcpp-0.14.jar
7f54f406b000-7f54f406c000 r--s 00003000 08:06 2890779                    /home/goran/.gradle/wrapper/dists/gradle-5.1.1-all/97z1ksx6lirer3kbvdnh7jtjg/gradle-5.1.1/lib/native-platform-freebsd-i386-libstdcpp-0.14.jar
7f54f406c000-7f54f406d000 r--s 00002000 08:06 2890780                    /home/goran/.gradle/wrapper/dists/gradle-5.1.1-all/97z1ksx6lirer3kbvdnh7jtjg/gradle-5.1.1/lib/native-platform-linux-amd64-0.14.jar
7f54f406d000-7f54f406e000 r--s 00002000 08:06 2890781                    /home/goran/.gradle/wrapper/dists/gradle-5.1.1-all/97z1ksx6lirer3kbvdnh7jtjg/gradle-5.1.1/lib/native-platform-linux-i386-0.14.jar
7f54f406e000-7f54f4070000 r--s 00002000 08:06 2890782                    /home/goran/.gradle/wrapper/dists/gradle-5.1.1-all/97z1ksx6lirer3kbvdnh7jtjg/gradle-5.1.1/lib/native-platform-osx-amd64-0.14.jar
7f54f4070000-7f54f4071000 r--s 00003000 08:06 2890783                    /home/goran/.gradle/wrapper/dists/gradle-5.1.1-all/97z1ksx6lirer3kbvdnh7jtjg/gradle-5.1.1/lib/native-platform-osx-i386-0.14.jar
7f54f4071000-7f54f4073000 r--s 0000b000 08:06 2890784                    /home/goran/.gradle/wrapper/dists/gradle-5.1.1-all/97z1ksx6lirer3kbvdnh7jtjg/gradle-5.1.1/lib/native-platform-windows-amd64-0.14.jar
7f54f4073000-7f54f4074000 r--s 0000b000 08:06 2890785                    /home/goran/.gradle/wrapper/dists/gradle-5.1.1-all/97z1ksx6lirer3kbvdnh7jtjg/gradle-5.1.1/lib/native-platform-windows-i386-0.14.jar
7f54f4074000-7f54f4075000 r--s 00001000 08:06 2890786                    /home/goran/.gradle/wrapper/dists/gradle-5.1.1-all/97z1ksx6lirer3kbvdnh7jtjg/gradle-5.1.1/lib/native-platform-linux-amd64-ncurses5-0.14.jar
7f54f4075000-7f54f4076000 r--s 00001000 08:06 2890787                    /home/goran/.gradle/wrapper/dists/gradle-5.1.1-all/97z1ksx6lirer3kbvdnh7jtjg/gradle-5.1.1/lib/native-platform-linux-amd64-ncurses6-0.14.jar
7f54f4076000-7f54f4077000 r--s 00001000 08:06 2890788                    /home/goran/.gradle/wrapper/dists/gradle-5.1.1-all/97z1ksx6lirer3kbvdnh7jtjg/gradle-5.1.1/lib/native-platform-linux-i386-ncurses5-0.14.jar
7f54f4077000-7f54f4078000 r--s 00001000 08:06 2890789                    /home/goran/.gradle/wrapper/dists/gradle-5.1.1-all/97z1ksx6lirer3kbvdnh7jtjg/gradle-5.1.1/lib/native-platform-linux-i386-ncurses6-0.14.jar
7f54f4078000-7f54f407c000 r--s 00012000 08:06 2890768                    /home/goran/.gradle/wrapper/dists/gradle-5.1.1-all/97z1ksx6lirer3kbvdnh7jtjg/gradle-5.1.1/lib/native-platform-0.14.jar
7f54f407c000-7f54f4080000 r--s 00042000 08:06 2890771                    /home/goran/.gradle/wrapper/dists/gradle-5.1.1-all/97z1ksx6lirer3kbvdnh7jtjg/gradle-5.1.1/lib/jansi-1.17.1.jar
7f54f4080000-7f54f4083000 r--s 0000c000 08:06 2890743                    /home/goran/.gradle/wrapper/dists/gradle-5.1.1-all/97z1ksx6lirer3kbvdnh7jtjg/gradle-5.1.1/lib/gradle-native-5.1.1.jar
7f54f4083000-7f54f4085000 r--s 0000c000 08:06 2890773                    /home/goran/.gradle/wrapper/dists/gradle-5.1.1-all/97z1ksx6lirer3kbvdnh7jtjg/gradle-5.1.1/lib/objenesis-2.6.jar
7f54f4085000-7f54f4087000 r--s 00000000 08:06 2890775                    /home/goran/.gradle/wrapper/dists/gradle-5.1.1-all/97z1ksx6lirer3kbvdnh7jtjg/gradle-5.1.1/lib/minlog-1.2.jar
7f54f4087000-7f54f408d000 r--s 0004d000 08:06 2890772                    /home/goran/.gradle/wrapper/dists/gradle-5.1.1-all/97z1ksx6lirer3kbvdnh7jtjg/gradle-5.1.1/lib/kryo-2.24.0.jar
7f54f408d000-7f54f4094000 r--s 00030000 08:06 2890745                    /home/goran/.gradle/wrapper/dists/gradle-5.1.1-all/97z1ksx6lirer3kbvdnh7jtjg/gradle-5.1.1/lib/gradle-messaging-5.1.1.jar
7f54f4094000-7f54f4096000 r--s 00006000 08:06 2890741                    /home/goran/.gradle/wrapper/dists/gradle-5.1.1-all/97z1ksx6lirer3kbvdnh7jtjg/gradle-5.1.1/lib/gradle-process-services-5.1.1.jar
7f54f4096000-7f54f4098000 r--s 00000000 08:06 2890730                    /home/goran/.gradle/wrapper/dists/gradle-5.1.1-all/97z1ksx6lirer3kbvdnh7jtjg/gradle-5.1.1/lib/gradle-jvm-services-5.1.1.jar
7f54f4098000-7f54f409a000 r--s 00003000 08:06 2890761                    /home/goran/.gradle/wrapper/dists/gradle-5.1.1-all/97z1ksx6lirer3kbvdnh7jtjg/gradle-5.1.1/lib/jsr305-3.0.2.jar
7f54f409a000-7f54f40ca000 r--s 0024b000 08:06 2890760                    /home/goran/.gradle/wrapper/dists/gradle-5.1.1-all/97z1ksx6lirer3kbvdnh7jtjg/gradle-5.1.1/lib/guava-26.0-android.jar
7f54f40ca000-7f54f40cd000 r--s 0001c000 08:06 2890762                    /home/goran/.gradle/wrapper/dists/gradle-5.1.1-all/97z1ksx6lirer3kbvdnh7jtjg/gradle-5.1.1/lib/fastutil-8.2.1-min.jar
7f54f40cd000-7f54f40d2000 r--s 00041000 08:06 2890755                    /home/goran/.gradle/wrapper/dists/gradle-5.1.1-all/97z1ksx6lirer3kbvdnh7jtjg/gradle-5.1.1/lib/commons-lang-2.6.jar
7f54f40d2000-7f54f40f1000 r--s 001da000 08:06 2890765                    /home/goran/.gradle/wrapper/dists/gradle-5.1.1-all/97z1ksx6lirer3kbvdnh7jtjg/gradle-5.1.1/lib/ant-1.9.13.jar
7f54f40f1000-7f54f40f2000 ---p 00000000 00:00 0 
7f54f40f2000-7f54f40f5000 ---p 00000000 00:00 0 
7f54f40f5000-7f54f41f2000 rw-p 00000000 00:00 0 
7f54f41f2000-7f54f41f5000 ---p 00000000 00:00 0 
7f54f41f5000-7f54f42f3000 rw-p 00000000 00:00 0 
7f54f42f3000-7f54f42f6000 ---p 00000000 00:00 0 
7f54f42f6000-7f54f43f4000 rw-p 00000000 00:00 0 
7f54f43f4000-7f54f43f7000 ---p 00000000 00:00 0 
7f54f43f7000-7f54f44f5000 rw-p 00000000 00:00 0 
7f54f44f5000-7f54f44f6000 ---p 00000000 00:00 0 
7f54f44f6000-7f54f8000000 rw-p 00000000 00:00 0 
7f54f8000000-7f54f8021000 rw-p 00000000 00:00 0 
7f54f8021000-7f54fc000000 ---p 00000000 00:00 0 
7f54fc000000-7f54fc004000 r--s 00031000 08:06 2890754                    /home/goran/.gradle/wrapper/dists/gradle-5.1.1-all/97z1ksx6lirer3kbvdnh7jtjg/gradle-5.1.1/lib/commons-io-2.6.jar
7f54fc004000-7f54fc006000 r--s 0001a000 08:06 2890753                    /home/goran/.gradle/wrapper/dists/gradle-5.1.1-all/97z1ksx6lirer3kbvdnh7jtjg/gradle-5.1.1/lib/asm-7.0.jar
7f54fc006000-7f54fc043000 r--s 0020d000 08:06 2890729                    /home/goran/.gradle/wrapper/dists/gradle-5.1.1-all/97z1ksx6lirer3kbvdnh7jtjg/gradle-5.1.1/lib/gradle-core-5.1.1.jar
7f54fc043000-7f54fc051000 r--s 0003c000 08:06 2890737                    /home/goran/.gradle/wrapper/dists/gradle-5.1.1-all/97z1ksx6lirer3kbvdnh7jtjg/gradle-5.1.1/lib/gradle-core-api-5.1.1.jar
7f54fc051000-7f54fc5b9000 rw-p 00000000 00:00 0 
7f54fc5b9000-7f54fc78a000 r--s 03c8a000 08:06 4066404                    /opt/android-studio/jre/jre/lib/rt.jar
7f54fc78a000-7f54fd000000 rw-p 00000000 00:00 0 
7f54fd000000-7f54fd420000 rwxp 00000000 00:00 0 
7f54fd420000-7f550c000000 ---p 00000000 00:00 0 
7f550c000000-7f550cf74000 rw-p 00000000 00:00 0 
7f550cf74000-7f5510000000 ---p 00000000 00:00 0 
7f5510000000-7f5510001000 r--s 00000000 08:06 2890763                    /home/goran/.gradle/wrapper/dists/gradle-5.1.1-all/97z1ksx6lirer3kbvdnh7jtjg/gradle-5.1.1/lib/jcip-annotations-1.0.jar
7f5510001000-7f55103cb000 rw-p 00000000 00:00 0 
7f55103cb000-7f55103cc000 ---p 00000000 00:00 0 
7f55103cc000-7f55104cc000 rw-p 00000000 00:00 0 
7f55104cc000-7f55104cd000 ---p 00000000 00:00 0 
7f55104cd000-7f55105cd000 rw-p 00000000 00:00 0 
7f55105cd000-7f55105ce000 ---p 00000000 00:00 0 
7f55105ce000-7f55106ce000 rw-p 00000000 00:00 0 
7f55106ce000-7f55106cf000 ---p 00000000 00:00 0 
7f55106cf000-7f55107e3000 rw-p 00000000 00:00 0 
7f55107e3000-7f55109cf000 ---p 00000000 00:00 0 
7f55109cf000-7f55109e3000 rw-p 00000000 00:00 0 
7f55109e3000-7f5510bcf000 ---p 00000000 00:00 0 
7f5510bcf000-7f5510be1000 rw-p 00000000 00:00 0 
7f5510be1000-7f5510ccf000 ---p 00000000 00:00 0 
7f5510ccf000-7f5510ce1000 rw-p 00000000 00:00 0 
7f5510ce1000-7f5511090000 ---p 00000000 00:00 0 
7f5511090000-7f551109b000 r-xp 00000000 08:06 2364740                    /lib/x86_64-linux-gnu/libnss_files-2.27.so
7f551109b000-7f551129a000 ---p 0000b000 08:06 2364740                    /lib/x86_64-linux-gnu/libnss_files-2.27.so
7f551129a000-7f551129b000 r--p 0000a000 08:06 2364740                    /lib/x86_64-linux-gnu/libnss_files-2.27.so
7f551129b000-7f551129c000 rw-p 0000b000 08:06 2364740                    /lib/x86_64-linux-gnu/libnss_files-2.27.so
7f551129c000-7f55112a2000 rw-p 00000000 00:00 0 
7f55112a2000-7f55112b9000 r-xp 00000000 08:06 2364734                    /lib/x86_64-linux-gnu/libnsl-2.27.so
7f55112b9000-7f55114b8000 ---p 00017000 08:06 2364734                    /lib/x86_64-linux-gnu/libnsl-2.27.so
7f55114b8000-7f55114b9000 r--p 00016000 08:06 2364734                    /lib/x86_64-linux-gnu/libnsl-2.27.so
7f55114b9000-7f55114ba000 rw-p 00017000 08:06 2364734                    /lib/x86_64-linux-gnu/libnsl-2.27.so
7f55114ba000-7f55114bc000 rw-p 00000000 00:00 0 
7f55114bc000-7f55114c7000 r-xp 00000000 08:06 2364751                    /lib/x86_64-linux-gnu/libnss_nis-2.27.so
7f55114c7000-7f55116c6000 ---p 0000b000 08:06 2364751                    /lib/x86_64-linux-gnu/libnss_nis-2.27.so
7f55116c6000-7f55116c7000 r--p 0000a000 08:06 2364751                    /lib/x86_64-linux-gnu/libnss_nis-2.27.so
7f55116c7000-7f55116c8000 rw-p 0000b000 08:06 2364751                    /lib/x86_64-linux-gnu/libnss_nis-2.27.so
7f55116c8000-7f55116d0000 r-xp 00000000 08:06 2364736                    /lib/x86_64-linux-gnu/libnss_compat-2.27.so
7f55116d0000-7f55118d0000 ---p 00008000 08:06 2364736                    /lib/x86_64-linux-gnu/libnss_compat-2.27.so
7f55118d0000-7f55118d1000 r--p 00008000 08:06 2364736                    /lib/x86_64-linux-gnu/libnss_compat-2.27.so
7f55118d1000-7f55118d2000 rw-p 00009000 08:06 2364736                    /lib/x86_64-linux-gnu/libnss_compat-2.27.so
7f55118d2000-7f55118d9000 r-xp 00000000 08:06 2364791                    /lib/x86_64-linux-gnu/librt-2.27.so
7f55118d9000-7f5511ad8000 ---p 00007000 08:06 2364791                    /lib/x86_64-linux-gnu/librt-2.27.so
7f5511ad8000-7f5511ad9000 r--p 00006000 08:06 2364791                    /lib/x86_64-linux-gnu/librt-2.27.so
7f5511ad9000-7f5511ada000 rw-p 00007000 08:06 2364791                    /lib/x86_64-linux-gnu/librt-2.27.so
7f5511ada000-7f5511c77000 r-xp 00000000 08:06 2364713                    /lib/x86_64-linux-gnu/libm-2.27.so
7f5511c77000-7f5511e76000 ---p 0019d000 08:06 2364713                    /lib/x86_64-linux-gnu/libm-2.27.so
7f5511e76000-7f5511e77000 r--p 0019c000 08:06 2364713                    /lib/x86_64-linux-gnu/libm-2.27.so
7f5511e77000-7f5511e78000 rw-p 0019d000 08:06 2364713                    /lib/x86_64-linux-gnu/libm-2.27.so
7f5511e78000-7f5512a90000 r-xp 00000000 08:06 4066381                    /opt/android-studio/jre/jre/lib/amd64/server/libjvm.so
7f5512a90000-7f5512b5f000 rw-p 00c18000 08:06 4066381                    /opt/android-studio/jre/jre/lib/amd64/server/libjvm.so
7f5512b5f000-7f5512ba4000 rw-p 00000000 00:00 0 
7f5512ba4000-7f5512d8b000 r-xp 00000000 08:06 2364650                    /lib/x86_64-linux-gnu/libc-2.27.so
7f5512d8b000-7f5512f8b000 ---p 001e7000 08:06 2364650                    /lib/x86_64-linux-gnu/libc-2.27.so
7f5512f8b000-7f5512f8f000 r--p 001e7000 08:06 2364650                    /lib/x86_64-linux-gnu/libc-2.27.so
7f5512f8f000-7f5512f91000 rw-p 001eb000 08:06 2364650                    /lib/x86_64-linux-gnu/libc-2.27.so
7f5512f91000-7f5512f95000 rw-p 00000000 00:00 0 
7f5512f95000-7f5512f98000 r-xp 00000000 08:06 2364673                    /lib/x86_64-linux-gnu/libdl-2.27.so
7f5512f98000-7f5513197000 ---p 00003000 08:06 2364673                    /lib/x86_64-linux-gnu/libdl-2.27.so
7f5513197000-7f5513198000 r--p 00002000 08:06 2364673                    /lib/x86_64-linux-gnu/libdl-2.27.so
7f5513198000-7f5513199000 rw-p 00003000 08:06 2364673                    /lib/x86_64-linux-gnu/libdl-2.27.so
7f5513199000-7f55131b3000 r-xp 00000000 08:06 2364783                    /lib/x86_64-linux-gnu/libpthread-2.27.so
7f55131b3000-7f55133b2000 ---p 0001a000 08:06 2364783                    /lib/x86_64-linux-gnu/libpthread-2.27.so
7f55133b2000-7f55133b3000 r--p 00019000 08:06 2364783                    /lib/x86_64-linux-gnu/libpthread-2.27.so
7f55133b3000-7f55133b4000 rw-p 0001a000 08:06 2364783                    /lib/x86_64-linux-gnu/libpthread-2.27.so
7f55133b4000-7f55133b8000 rw-p 00000000 00:00 0 
7f55133b8000-7f55133df000 r-xp 00000000 08:06 2364622                    /lib/x86_64-linux-gnu/ld-2.27.so
7f55133df000-7f55133e1000 r--s 00009000 08:06 2890759                    /home/goran/.gradle/wrapper/dists/gradle-5.1.1-all/97z1ksx6lirer3kbvdnh7jtjg/gradle-5.1.1/lib/slf4j-api-1.7.25.jar
7f55133e1000-7f55133ee000 r--s 0006c000 08:06 2890746                    /home/goran/.gradle/wrapper/dists/gradle-5.1.1-all/97z1ksx6lirer3kbvdnh7jtjg/gradle-5.1.1/lib/gradle-base-services-5.1.1.jar
7f55133ee000-7f55133fb000 r--s 0006d000 08:06 2890724                    /home/goran/.gradle/wrapper/dists/gradle-5.1.1-all/97z1ksx6lirer3kbvdnh7jtjg/gradle-5.1.1/lib/gradle-launcher-5.1.1.jar
7f55133fb000-7f5513462000 rw-p 00000000 00:00 0 
7f5513462000-7f551347c000 r-xp 00000000 08:06 4066363                    /opt/android-studio/jre/jre/lib/amd64/libzip.so
7f551347c000-7f551347d000 rw-p 00019000 08:06 4066363                    /opt/android-studio/jre/jre/lib/amd64/libzip.so
7f551347d000-7f55134a8000 r-xp 00000000 08:06 4066371                    /opt/android-studio/jre/jre/lib/amd64/libjava.so
7f55134a8000-7f55134aa000 rw-p 0002b000 08:06 4066371                    /opt/android-studio/jre/jre/lib/amd64/libjava.so
7f55134aa000-7f55134ab000 ---p 00000000 00:00 0 
7f55134ab000-7f55134ae000 ---p 00000000 00:00 0 
7f55134ae000-7f55135ad000 rw-p 00000000 00:00 0 
7f55135ad000-7f55135c2000 r-xp 00000000 08:06 4066264                    /opt/android-studio/jre/lib/amd64/jli/libjli.so
7f55135c2000-7f55135c3000 rw-p 00015000 08:06 4066264                    /opt/android-studio/jre/lib/amd64/jli/libjli.so
7f55135c3000-7f55135c5000 rw-p 00000000 00:00 0 
7f55135c5000-7f55135c6000 r--s 00004000 08:06 2890774                    /home/goran/.gradle/wrapper/dists/gradle-5.1.1-all/97z1ksx6lirer3kbvdnh7jtjg/gradle-5.1.1/lib/ant-launcher-1.9.13.jar
7f55135c6000-7f55135ce000 rw-s 00000000 08:06 4077960                    /tmp/hsperfdata_goran/7022
7f55135ce000-7f55135cf000 rw-p 00000000 00:00 0 
7f55135cf000-7f55135d0000 ---p 00000000 00:00 0 
7f55135d0000-7f55135dd000 r-xp 00000000 08:06 4066359                    /opt/android-studio/jre/jre/lib/amd64/libverify.so
7f55135dd000-7f55135df000 rw-p 0000c000 08:06 4066359                    /opt/android-studio/jre/jre/lib/amd64/libverify.so
7f55135df000-7f55135e0000 r--p 00027000 08:06 2364622                    /lib/x86_64-linux-gnu/ld-2.27.so
7f55135e0000-7f55135e1000 rw-p 00028000 08:06 2364622                    /lib/x86_64-linux-gnu/ld-2.27.so
7f55135e1000-7f55135e2000 rw-p 00000000 00:00 0 
7ffe899de000-7ffe899ff000 rw-p 00000000 00:00 0                          [stack]
7ffe89bcb000-7ffe89bce000 r--p 00000000 00:00 0                          [vvar]
7ffe89bce000-7ffe89bd0000 r-xp 00000000 00:00 0                          [vdso]
ffffffffff600000-ffffffffff601000 r-xp 00000000 00:00 0                  [vsyscall]

VM Arguments:
jvm_args: -Xmx1536m -Dfile.encoding=UTF-8 -Duser.country=US -Duser.language=en -Duser.variant 
java_command: org.gradle.launcher.daemon.bootstrap.GradleDaemon 5.1.1
java_class_path (initial): /home/goran/.gradle/wrapper/dists/gradle-5.1.1-all/97z1ksx6lirer3kbvdnh7jtjg/gradle-5.1.1/lib/gradle-launcher-5.1.1.jar
Launcher Type: SUN_STANDARD

Environment Variables:
PATH=/usr/local/sbin:/usr/local/bin:/usr/sbin:/usr/bin:/sbin:/bin:/usr/games:/usr/local/games:/snap/bin
USERNAME=goran
SHELL=/bin/bash
DISPLAY=:0

Signal Handlers:
SIGSEGV: [libjvm.so+0xa00760], sa_mask[0]=11111111011111111101111111111110, sa_flags=SA_RESTART|SA_SIGINFO
SIGBUS: [libjvm.so+0xa00760], sa_mask[0]=11111111011111111101111111111110, sa_flags=SA_RESTART|SA_SIGINFO
SIGFPE: [libjvm.so+0x863090], sa_mask[0]=11111111011111111101111111111110, sa_flags=SA_RESTART|SA_SIGINFO
SIGPIPE: [libjvm.so+0x863090], sa_mask[0]=11111111011111111101111111111110, sa_flags=SA_RESTART|SA_SIGINFO
SIGXFSZ: [libjvm.so+0x863090], sa_mask[0]=11111111011111111101111111111110, sa_flags=SA_RESTART|SA_SIGINFO
SIGILL: [libjvm.so+0x863090], sa_mask[0]=11111111011111111101111111111110, sa_flags=SA_RESTART|SA_SIGINFO
SIGUSR1: SIG_DFL, sa_mask[0]=00000000000000000000000000000000, sa_flags=none
SIGUSR2: [libjvm.so+0x862f60], sa_mask[0]=00100000000000000000000000000000, sa_flags=SA_RESTART|SA_SIGINFO
SIGHUP: [libjvm.so+0x863150], sa_mask[0]=11111111011111111101111111111110, sa_flags=SA_RESTART|SA_SIGINFO
SIGINT: [libjvm.so+0x863150], sa_mask[0]=11111111011111111101111111111110, sa_flags=SA_RESTART|SA_SIGINFO
SIGTERM: [libjvm.so+0x863150], sa_mask[0]=11111111011111111101111111111110, sa_flags=SA_RESTART|SA_SIGINFO
SIGQUIT: [libjvm.so+0x863150], sa_mask[0]=11111111011111111101111111111110, sa_flags=SA_RESTART|SA_SIGINFO


---------------  S Y S T E M  ---------------

OS:DISTRIB_ID=Ubuntu
DISTRIB_RELEASE=18.04
DISTRIB_CODENAME=bionic
DISTRIB_DESCRIPTION="Ubuntu 18.04.3 LTS"

uname:Linux 4.15.0-66-generic #75-Ubuntu SMP Tue Oct 1 05:24:09 UTC 2019 x86_64
libc:glibc 2.27 NPTL 2.27 
rlimit: STACK 8192k, CORE 0k, NPROC 14864, NOFILE 1048576, AS infinity
load average:3.13 2.34 2.33

/proc/meminfo:
MemTotal:        3910400 kB
MemFree:           92564 kB
MemAvailable:       4920 kB
Buffers:             516 kB
Cached:           246068 kB
SwapCached:         1776 kB
Active:          2904992 kB
Inactive:         604176 kB
Active(anon):    2904332 kB
Inactive(anon):   581052 kB
Active(file):        660 kB
Inactive(file):    23124 kB
Unevictable:          48 kB
Mlocked:              48 kB
SwapTotal:       2097148 kB
SwapFree:              0 kB
Dirty:                24 kB
Writeback:           100 kB
AnonPages:       3262376 kB
Mapped:            74052 kB
Shmem:            222632 kB
Slab:             116152 kB
SReclaimable:      49404 kB
SUnreclaim:        66748 kB
KernelStack:       15072 kB
PageTables:        72944 kB
NFS_Unstable:          0 kB
Bounce:                0 kB
WritebackTmp:          0 kB
CommitLimit:     4052348 kB
Committed_AS:   11846816 kB
VmallocTotal:   34359738367 kB
VmallocUsed:           0 kB
VmallocChunk:          0 kB
HardwareCorrupted:     0 kB
AnonHugePages:         0 kB
ShmemHugePages:        0 kB
ShmemPmdMapped:        0 kB
CmaTotal:              0 kB
CmaFree:               0 kB
HugePages_Total:       0
HugePages_Free:        0
HugePages_Rsvd:        0
HugePages_Surp:        0
Hugepagesize:       2048 kB
DirectMap4k:      248060 kB
DirectMap2M:     3817472 kB
DirectMap1G:           0 kB


CPU:total 4 (initial active 4) (2 cores per cpu, 2 threads per core) family 6 model 78 stepping 3, cmov, cx8, fxsr, mmx, sse, sse2, sse3, ssse3, sse4.1, sse4.2, popcnt, avx, avx2, aes, clmul, erms, 3dnowpref, lzcnt, ht, tsc, tscinvbit, bmi1, bmi2, adx

/proc/cpuinfo:
processor	: 0
vendor_id	: GenuineIntel
cpu family	: 6
model		: 78
model name	: Intel(R) Core(TM) i5-6200U CPU @ 2.30GHz
stepping	: 3
microcode	: 0xcc
cpu MHz		: 2699.991
cache size	: 3072 KB
physical id	: 0
siblings	: 4
core id		: 0
cpu cores	: 2
apicid		: 0
initial apicid	: 0
fpu		: yes
fpu_exception	: yes
cpuid level	: 22
wp		: yes
flags		: fpu vme de pse tsc msr pae mce cx8 apic sep mtrr pge mca cmov pat pse36 clflush dts acpi mmx fxsr sse sse2 ss ht tm pbe syscall nx pdpe1gb rdtscp lm constant_tsc art arch_perfmon pebs bts rep_good nopl xtopology nonstop_tsc cpuid aperfmperf tsc_known_freq pni pclmulqdq dtes64 monitor ds_cpl vmx est tm2 ssse3 sdbg fma cx16 xtpr pdcm pcid sse4_1 sse4_2 x2apic movbe popcnt tsc_deadline_timer aes xsave avx f16c rdrand lahf_lm abm 3dnowprefetch cpuid_fault epb invpcid_single pti ssbd ibrs ibpb stibp tpr_shadow vnmi flexpriority ept vpid fsgsbase tsc_adjust bmi1 avx2 smep bmi2 erms invpcid mpx rdseed adx smap clflushopt intel_pt xsaveopt xsavec xgetbv1 xsaves dtherm ida arat pln pts hwp hwp_notify hwp_act_window hwp_epp md_clear flush_l1d
bugs		: cpu_meltdown spectre_v1 spectre_v2 spec_store_bypass l1tf mds swapgs
bogomips	: 4800.00
clflush size	: 64
cache_alignment	: 64
address sizes	: 39 bits physical, 48 bits virtual
power management:

processor	: 1
vendor_id	: GenuineIntel
cpu family	: 6
model		: 78
model name	: Intel(R) Core(TM) i5-6200U CPU @ 2.30GHz
stepping	: 3
microcode	: 0xcc
cpu MHz		: 2699.999
cache size	: 3072 KB
physical id	: 0
siblings	: 4
core id		: 1
cpu cores	: 2
apicid		: 2
initial apicid	: 2
fpu		: yes
fpu_exception	: yes
cpuid level	: 22
wp		: yes
flags		: fpu vme de pse tsc msr pae mce cx8 apic sep mtrr pge mca cmov pat pse36 clflush dts acpi mmx fxsr sse sse2 ss ht tm pbe syscall nx pdpe1gb rdtscp lm constant_tsc art arch_perfmon pebs bts rep_good nopl xtopology nonstop_tsc cpuid aperfmperf tsc_known_freq pni pclmulqdq dtes64 monitor ds_cpl vmx est tm2 ssse3 sdbg fma cx16 xtpr pdcm pcid sse4_1 sse4_2 x2apic movbe popcnt tsc_deadline_timer aes xsave avx f16c rdrand lahf_lm abm 3dnowprefetch cpuid_fault epb invpcid_single pti ssbd ibrs ibpb stibp tpr_shadow vnmi flexpriority ept vpid fsgsbase tsc_adjust bmi1 avx2 smep bmi2 erms invpcid mpx rdseed adx smap clflushopt intel_pt xsaveopt xsavec xgetbv1 xsaves dtherm ida arat pln pts hwp hwp_notify hwp_act_window hwp_epp md_clear flush_l1d
bugs		: cpu_meltdown spectre_v1 spectre_v2 spec_store_bypass l1tf mds swapgs
bogomips	: 4800.00
clflush size	: 64
cache_alignment	: 64
address sizes	: 39 bits physical, 48 bits virtual
power management:

processor	: 2
vendor_id	: GenuineIntel
cpu family	: 6
model		: 78
model name	: Intel(R) Core(TM) i5-6200U CPU @ 2.30GHz
stepping	: 3
microcode	: 0xcc
cpu MHz		: 2700.005
cache size	: 3072 KB
physical id	: 0
siblings	: 4
core id		: 0
cpu cores	: 2
apicid		: 1
initial apicid	: 1
fpu		: yes
fpu_exception	: yes
cpuid level	: 22
wp		: yes
flags		: fpu vme de pse tsc msr pae mce cx8 apic sep mtrr pge mca cmov pat pse36 clflush dts acpi mmx fxsr sse sse2 ss ht tm pbe syscall nx pdpe1gb rdtscp lm constant_tsc art arch_perfmon pebs bts rep_good nopl xtopology nonstop_tsc cpuid aperfmperf tsc_known_freq pni pclmulqdq dtes64 monitor ds_cpl vmx est tm2 ssse3 sdbg fma cx16 xtpr pdcm pcid sse4_1 sse4_2 x2apic movbe popcnt tsc_deadline_timer aes xsave avx f16c rdrand lahf_lm abm 3dnowprefetch cpuid_fault epb invpcid_single pti ssbd ibrs ibpb stibp tpr_shadow vnmi flexpriority ept vpid fsgsbase tsc_adjust bmi1 avx2 smep bmi2 erms invpcid mpx rdseed adx smap clflushopt intel_pt xsaveopt xsavec xgetbv1 xsaves dtherm ida arat pln pts hwp hwp_notify hwp_act_window hwp_epp md_clear flush_l1d
bugs		: cpu_meltdown spectre_v1 spectre_v2 spec_store_bypass l1tf mds swapgs
bogomips	: 4800.00
clflush size	: 64
cache_alignment	: 64
address sizes	: 39 bits physical, 48 bits virtual
power management:

processor	: 3
vendor_id	: GenuineIntel
cpu family	: 6
model		: 78
model name	: Intel(R) Core(TM) i5-6200U CPU @ 2.30GHz
stepping	: 3
microcode	: 0xcc
cpu MHz		: 2699.995
cache size	: 3072 KB
physical id	: 0
siblings	: 4
core id		: 1
cpu cores	: 2
apicid		: 3
initial apicid	: 3
fpu		: yes
fpu_exception	: yes
cpuid level	: 22
wp		: yes
flags		: fpu vme de pse tsc msr pae mce cx8 apic sep mtrr pge mca cmov pat pse36 clflush dts acpi mmx fxsr sse sse2 ss ht tm pbe syscall nx pdpe1gb rdtscp lm constant_tsc art arch_perfmon pebs bts rep_good nopl xtopology nonstop_tsc cpuid aperfmperf tsc_known_freq pni pclmulqdq dtes64 monitor ds_cpl vmx est tm2 ssse3 sdbg fma cx16 xtpr pdcm pcid sse4_1 sse4_2 x2apic movbe popcnt tsc_deadline_timer aes xsave avx f16c rdrand lahf_lm abm 3dnowprefetch cpuid_fault epb invpcid_single pti ssbd ibrs ibpb stibp tpr_shadow vnmi flexpriority ept vpid fsgsbase tsc_adjust bmi1 avx2 smep bmi2 erms invpcid mpx rdseed adx smap clflushopt intel_pt xsaveopt xsavec xgetbv1 xsaves dtherm ida arat pln pts hwp hwp_notify hwp_act_window hwp_epp md_clear flush_l1d
bugs		: cpu_meltdown spectre_v1 spectre_v2 spec_store_bypass l1tf mds swapgs
bogomips	: 4800.00
clflush size	: 64
cache_alignment	: 64
address sizes	: 39 bits physical, 48 bits virtual
power management:



Memory: 4k page, physical 3910400k(93832k free), swap 2097148k(0k free)

vm_info: OpenJDK 64-Bit Server VM (25.152-b16-5323222) for linux-amd64 JRE (1.8.0_152-release-1343-b16-5323222), built by "android-build" with gcc 4.8

time: Fri Oct 25 22:14:10 2019
elapsed time: 3 seconds (0d 0h 0m 3s)

